<?xml version="1.0" encoding="UTF-8"?>
<!-- Generated by org.testng.reporters.JUnitXMLReporter -->
<testsuite ignored="3" hostname="DESKTOP-ITILOB1" failures="1" tests="1" name="Default test" time="63.264" errors="0" timestamp="2023-06-25T13:18:45 IST">
  <testcase classname="testScenarios.Ts_MyWork" name="MyWork_TC_03_Validate_User_AbleTo_Select_MyWorkBasket_And_View_Headers" time="58.384">
    <failure type="java.lang.AssertionError" message="Not Able to SelectByVisibleText WebElement:[[ChromeDriver: chrome on windows (1a262e18e328873a9ddd78a08bbb73a2)] -&amp;gt; xpath: //select[@name=&amp;apos;$PpyDisplayHarness$ppxUserDashboard$ppySlots$l1$ppyWidgets$l1$ppyWidget$pWorkBasketParameter&amp;apos;]]On Page: Retrieval Operations Management expected [true] but found [false]">
      <![CDATA[java.lang.AssertionError: Not Able to SelectByVisibleText WebElement:[[ChromeDriver: chrome on windows (1a262e18e328873a9ddd78a08bbb73a2)] -> xpath: //select[@name='$PpyDisplayHarness$ppxUserDashboard$ppySlots$l1$ppyWidgets$l1$ppyWidget$pWorkBasketParameter']]On Page: Retrieval Operations Management expected [true] but found [false]
at org.testng.Assert.fail(Assert.java:99)
at org.testng.Assert.failNotEquals(Assert.java:1037)
at org.testng.Assert.assertTrue(Assert.java:45)
at utils.KeyWords.SelectByVisibleText(KeyWords.java:210)
at testScenarios.Ts_MyWork.MyWork_TC_03_Validate_User_AbleTo_Select_MyWorkBasket_And_View_Headers(Ts_MyWork.java:105)
at java.base/jdk.internal.reflect.NativeMethodAccessorImpl.invoke0(Native Method)
at java.base/jdk.internal.reflect.NativeMethodAccessorImpl.invoke(NativeMethodAccessorImpl.java:78)
at java.base/jdk.internal.reflect.DelegatingMethodAccessorImpl.invoke(DelegatingMethodAccessorImpl.java:43)
at java.base/java.lang.reflect.Method.invoke(Method.java:567)
at org.testng.internal.MethodInvocationHelper.invokeMethod(MethodInvocationHelper.java:133)
at org.testng.internal.TestInvoker.invokeMethod(TestInvoker.java:598)
at org.testng.internal.TestInvoker.invokeTestMethod(TestInvoker.java:173)
at org.testng.internal.MethodRunner.runInSequence(MethodRunner.java:46)
at org.testng.internal.TestInvoker$MethodInvocationAgent.invoke(TestInvoker.java:824)
at org.testng.internal.TestInvoker.invokeTestMethods(TestInvoker.java:146)
at org.testng.internal.TestMethodWorker.invokeTestMethods(TestMethodWorker.java:146)
at org.testng.internal.TestMethodWorker.run(TestMethodWorker.java:128)
at java.base/java.util.ArrayList.forEach(ArrayList.java:1511)
at org.testng.TestRunner.privateRun(TestRunner.java:794)
at org.testng.TestRunner.run(TestRunner.java:596)
at org.testng.SuiteRunner.runTest(SuiteRunner.java:377)
at org.testng.SuiteRunner.runSequentially(SuiteRunner.java:371)
at org.testng.SuiteRunner.privateRun(SuiteRunner.java:332)
at org.testng.SuiteRunner.run(SuiteRunner.java:276)
at org.testng.SuiteRunnerWorker.runSuite(SuiteRunnerWorker.java:53)
at org.testng.SuiteRunnerWorker.run(SuiteRunnerWorker.java:96)
at org.testng.TestNG.runSuitesSequentially(TestNG.java:1212)
at org.testng.TestNG.runSuitesLocally(TestNG.java:1134)
at org.testng.TestNG.runSuites(TestNG.java:1063)
at org.testng.TestNG.run(TestNG.java:1031)
at org.testng.remote.AbstractRemoteTestNG.run(AbstractRemoteTestNG.java:115)
at org.testng.remote.RemoteTestNG.initAndRun(RemoteTestNG.java:251)
at org.testng.remote.RemoteTestNG.main(RemoteTestNG.java:77)
]]>
    </failure>
  </testcase> <!-- MyWork_TC_03_Validate_User_AbleTo_Select_MyWorkBasket_And_View_Headers -->
  <testcase classname="testScenarios.Ts_MyWork" name="MyWork_TC_01_Validate_User_AbleTo_View_MyWork_Section" time="0.0">
    <ignored/>
  </testcase> <!-- MyWork_TC_01_Validate_User_AbleTo_View_MyWork_Section -->
  <testcase classname="testScenarios.Ts_MyWork" name="MyWork_TC_02_Validate_User_AbleTo_Select_MyWorkList_And_View_Headers" time="0.0">
    <ignored/>
  </testcase> <!-- MyWork_TC_02_Validate_User_AbleTo_Select_MyWorkList_And_View_Headers -->
  <testcase classname="testScenarios.Ts_MyWork" name="MyWork_TC_04_Validate_User_AbleTo_Search_In_MyWorkList" time="0.0">
    <ignored/>
  </testcase> <!-- MyWork_TC_04_Validate_User_AbleTo_Search_In_MyWorkList -->
</testsuite> <!-- Default test -->
