<html>
<head>
<title>TestNG:  TotalSuiteRun</title>
<link href="../testng.css" rel="stylesheet" type="text/css" />
<link href="../my-testng.css" rel="stylesheet" type="text/css" />

<style type="text/css">
.log { display: none;} 
.stack-trace { display: none;} 
</style>
<script type="text/javascript">
<!--
function flip(e) {
  current = e.style.display;
  if (current == 'block') {
    e.style.display = 'none';
    return 0;
  }
  else {
    e.style.display = 'block';
    return 1;
  }
}

function toggleBox(szDivId, elem, msg1, msg2)
{
  var res = -1;  if (document.getElementById) {
    res = flip(document.getElementById(szDivId));
  }
  else if (document.all) {
    // this is the way old msie versions work
    res = flip(document.all[szDivId]);
  }
  if(elem) {
    if(res == 0) elem.innerHTML = msg1; else elem.innerHTML = msg2;
  }

}

function toggleAllBoxes() {
  if (document.getElementsByTagName) {
    d = document.getElementsByTagName('div');
    for (i = 0; i < d.length; i++) {
      if (d[i].className == 'log') {
        flip(d[i]);
      }
    }
  }
}

// -->
</script>

</head>
<body>
<h2 align='center'>TotalSuiteRun</h2><table border='1' align="center">
<tr>
<td>Tests passed/Failed/Skipped:</td><td>17/11/0</td>
</tr><tr>
<td>Started on:</td><td>Mon Jul 24 09:25:56 IST 2023</td>
</tr>
<tr><td>Total time:</td><td>2805 seconds (2805676 ms)</td>
</tr><tr>
<td>Included groups:</td><td></td>
</tr><tr>
<td>Excluded groups:</td><td></td>
</tr>
</table><p/>
<small><i>(Hover the method name to see the test class name)</i></small><p/>
<table width='100%' border='1' class='invocation-failed'>
<tr><td colspan='4' align='center'><b>FAILED TESTS</b></td></tr>
<tr><td><b>Test method</b></td>
<td width="30%"><b>Exception</b></td>
<td width="10%"><b>Time (seconds)</b></td>
<td><b>Instance</b></td>
</tr>
<tr>
<td title='testScenarios.Ts_Search.TCDEMO()'><b>TCDEMO</b><br>Test class: testScenarios.Ts_Search</td>
<td><div><pre>java.lang.AssertionError: WebElement is Not Visible with Xpath:Proxy element for: DefaultElementLocator &apos;By.xpath: (//td[@data-attribute-name=&apos;Request Group ID&apos;]//a[contains(text(),&apos;R&apos;)])[1]&apos;. On Page title: Retrieval Operations Management . expected [true] but found [false]
	at utils.KeyWords.explicitWait_Until_ElementDisplayed(KeyWords.java:392)
	at testScenarios.Ts_Search.TCDEMO(Ts_Search.java:355)
	at java.base/java.util.ArrayList.forEach(ArrayList.java:1511)
... Removed 30 stack frames</pre></div><a href='#' onClick='toggleBox("stack-trace418549536", this, "Click to show all stack frames", "Click to hide stack frames")'>Click to show all stack frames</a>
<div class='stack-trace' id='stack-trace418549536'><pre>java.lang.AssertionError: WebElement is Not Visible with Xpath:Proxy element for: DefaultElementLocator &apos;By.xpath: (//td[@data-attribute-name=&apos;Request Group ID&apos;]//a[contains(text(),&apos;R&apos;)])[1]&apos;. On Page title: Retrieval Operations Management . expected [true] but found [false]
	at org.testng.Assert.fail(Assert.java:99)
	at org.testng.Assert.failNotEquals(Assert.java:1037)
	at org.testng.Assert.assertTrue(Assert.java:45)
	at utils.KeyWords.explicitWait_Until_ElementDisplayed(KeyWords.java:392)
	at testScenarios.Ts_Search.TCDEMO(Ts_Search.java:355)
	at java.base/jdk.internal.reflect.NativeMethodAccessorImpl.invoke0(Native Method)
	at java.base/jdk.internal.reflect.NativeMethodAccessorImpl.invoke(NativeMethodAccessorImpl.java:78)
	at java.base/jdk.internal.reflect.DelegatingMethodAccessorImpl.invoke(DelegatingMethodAccessorImpl.java:43)
	at java.base/java.lang.reflect.Method.invoke(Method.java:567)
	at org.testng.internal.MethodInvocationHelper.invokeMethod(MethodInvocationHelper.java:133)
	at org.testng.internal.TestInvoker.invokeMethod(TestInvoker.java:598)
	at org.testng.internal.TestInvoker.invokeTestMethod(TestInvoker.java:173)
	at org.testng.internal.MethodRunner.runInSequence(MethodRunner.java:46)
	at org.testng.internal.TestInvoker$MethodInvocationAgent.invoke(TestInvoker.java:824)
	at org.testng.internal.TestInvoker.invokeTestMethods(TestInvoker.java:146)
	at org.testng.internal.TestMethodWorker.invokeTestMethods(TestMethodWorker.java:146)
	at org.testng.internal.TestMethodWorker.run(TestMethodWorker.java:128)
	at java.base/java.util.ArrayList.forEach(ArrayList.java:1511)
	at org.testng.TestRunner.privateRun(TestRunner.java:794)
	at org.testng.TestRunner.run(TestRunner.java:596)
	at org.testng.SuiteRunner.runTest(SuiteRunner.java:377)
	at org.testng.SuiteRunner.runSequentially(SuiteRunner.java:371)
	at org.testng.SuiteRunner.privateRun(SuiteRunner.java:332)
	at org.testng.SuiteRunner.run(SuiteRunner.java:276)
	at org.testng.SuiteRunnerWorker.runSuite(SuiteRunnerWorker.java:53)
	at org.testng.SuiteRunnerWorker.run(SuiteRunnerWorker.java:96)
	at org.testng.TestNG.runSuitesSequentially(TestNG.java:1212)
	at org.testng.TestNG.runSuitesLocally(TestNG.java:1134)
	at org.testng.TestNG.runSuites(TestNG.java:1063)
	at org.testng.TestNG.run(TestNG.java:1031)
	at org.testng.remote.AbstractRemoteTestNG.run(AbstractRemoteTestNG.java:115)
	at org.testng.remote.RemoteTestNG.initAndRun(RemoteTestNG.java:251)
	at org.testng.remote.RemoteTestNG.main(RemoteTestNG.java:77)
</pre></div></td>
<td>156</td>
<td>testScenarios.Ts_Search@30457e14</td></tr>
<tr>
<td title='testScenarios.Ts_MyWork.MyWork_TC_05_Validate_System_Retrives_Records_In_CotivitiDownLoadQue_yWorkBasket()'><b>MyWork_TC_05_Validate_System_Retrives_Records_In_CotivitiDownLoadQue_yWorkBasket</b><br>Test class: testScenarios.Ts_MyWork</td>
<td><div><pre>java.lang.AssertionError: Not Able to Move to WebElement:[[ChromeDriver: chrome on windows (020847ff91cf554e49f3aa3b01f8f6cf)] -&gt; xpath: //div[@data-node-id=&apos;DownloadQueueWorkBasket&apos;]//tr[2]//td[4]]. On Page title: Retrieval Operations Management expected [true] but found [false]
	at utils.KeyWords.moveToWebElement(KeyWords.java:841)
	at testScenarios.Ts_MyWork.MyWork_TC_05_Validate_System_Retrives_Records_In_CotivitiDownLoadQue_yWorkBasket(Ts_MyWork.java:165)
	at java.base/java.util.ArrayList.forEach(ArrayList.java:1511)
... Removed 30 stack frames</pre></div><a href='#' onClick='toggleBox("stack-trace865986174", this, "Click to show all stack frames", "Click to hide stack frames")'>Click to show all stack frames</a>
<div class='stack-trace' id='stack-trace865986174'><pre>java.lang.AssertionError: Not Able to Move to WebElement:[[ChromeDriver: chrome on windows (020847ff91cf554e49f3aa3b01f8f6cf)] -&gt; xpath: //div[@data-node-id=&apos;DownloadQueueWorkBasket&apos;]//tr[2]//td[4]]. On Page title: Retrieval Operations Management expected [true] but found [false]
	at org.testng.Assert.fail(Assert.java:99)
	at org.testng.Assert.failNotEquals(Assert.java:1037)
	at org.testng.Assert.assertTrue(Assert.java:45)
	at utils.KeyWords.moveToWebElement(KeyWords.java:841)
	at testScenarios.Ts_MyWork.MyWork_TC_05_Validate_System_Retrives_Records_In_CotivitiDownLoadQue_yWorkBasket(Ts_MyWork.java:165)
	at java.base/jdk.internal.reflect.NativeMethodAccessorImpl.invoke0(Native Method)
	at java.base/jdk.internal.reflect.NativeMethodAccessorImpl.invoke(NativeMethodAccessorImpl.java:78)
	at java.base/jdk.internal.reflect.DelegatingMethodAccessorImpl.invoke(DelegatingMethodAccessorImpl.java:43)
	at java.base/java.lang.reflect.Method.invoke(Method.java:567)
	at org.testng.internal.MethodInvocationHelper.invokeMethod(MethodInvocationHelper.java:133)
	at org.testng.internal.TestInvoker.invokeMethod(TestInvoker.java:598)
	at org.testng.internal.TestInvoker.invokeTestMethod(TestInvoker.java:173)
	at org.testng.internal.MethodRunner.runInSequence(MethodRunner.java:46)
	at org.testng.internal.TestInvoker$MethodInvocationAgent.invoke(TestInvoker.java:824)
	at org.testng.internal.TestInvoker.invokeTestMethods(TestInvoker.java:146)
	at org.testng.internal.TestMethodWorker.invokeTestMethods(TestMethodWorker.java:146)
	at org.testng.internal.TestMethodWorker.run(TestMethodWorker.java:128)
	at java.base/java.util.ArrayList.forEach(ArrayList.java:1511)
	at org.testng.TestRunner.privateRun(TestRunner.java:794)
	at org.testng.TestRunner.run(TestRunner.java:596)
	at org.testng.SuiteRunner.runTest(SuiteRunner.java:377)
	at org.testng.SuiteRunner.runSequentially(SuiteRunner.java:371)
	at org.testng.SuiteRunner.privateRun(SuiteRunner.java:332)
	at org.testng.SuiteRunner.run(SuiteRunner.java:276)
	at org.testng.SuiteRunnerWorker.runSuite(SuiteRunnerWorker.java:53)
	at org.testng.SuiteRunnerWorker.run(SuiteRunnerWorker.java:96)
	at org.testng.TestNG.runSuitesSequentially(TestNG.java:1212)
	at org.testng.TestNG.runSuitesLocally(TestNG.java:1134)
	at org.testng.TestNG.runSuites(TestNG.java:1063)
	at org.testng.TestNG.run(TestNG.java:1031)
	at org.testng.remote.AbstractRemoteTestNG.run(AbstractRemoteTestNG.java:115)
	at org.testng.remote.RemoteTestNG.initAndRun(RemoteTestNG.java:251)
	at org.testng.remote.RemoteTestNG.main(RemoteTestNG.java:77)
</pre></div></td>
<td>105</td>
<td>testScenarios.Ts_MyWork@450794b4</td></tr>
<tr>
<td title='testScenarios.Ts_Search.Search_TC_03_Validate_User_Is_View_TableHeaders_In_Search_Results()'><b>Search_TC_03_Validate_User_Is_View_TableHeaders_In_Search_Results</b><br>Test class: testScenarios.Ts_Search</td>
<td><div><pre>java.lang.AssertionError: WebElement is Not Visible with Xpath:Proxy element for: DefaultElementLocator &apos;By.xpath: //table[@prim_page=&apos;SearchPage&apos;]//tr[1]//th[3]//div[text()=&apos;Request ID&apos;]&apos;. On Page title: Retrieval Operations Management . expected [true] but found [false]
	at utils.KeyWords.Element_Is_Displayed(KeyWords.java:522)
	at testScenarios.Ts_Search.Search_TC_03_Validate_User_Is_View_TableHeaders_In_Search_Results(Ts_Search.java:148)
	at java.base/java.util.ArrayList.forEach(ArrayList.java:1511)
... Removed 30 stack frames</pre></div><a href='#' onClick='toggleBox("stack-trace1553441651", this, "Click to show all stack frames", "Click to hide stack frames")'>Click to show all stack frames</a>
<div class='stack-trace' id='stack-trace1553441651'><pre>java.lang.AssertionError: WebElement is Not Visible with Xpath:Proxy element for: DefaultElementLocator &apos;By.xpath: //table[@prim_page=&apos;SearchPage&apos;]//tr[1]//th[3]//div[text()=&apos;Request ID&apos;]&apos;. On Page title: Retrieval Operations Management . expected [true] but found [false]
	at org.testng.Assert.fail(Assert.java:99)
	at org.testng.Assert.failNotEquals(Assert.java:1037)
	at org.testng.Assert.assertTrue(Assert.java:45)
	at utils.KeyWords.Element_Is_Displayed(KeyWords.java:522)
	at testScenarios.Ts_Search.Search_TC_03_Validate_User_Is_View_TableHeaders_In_Search_Results(Ts_Search.java:148)
	at java.base/jdk.internal.reflect.NativeMethodAccessorImpl.invoke0(Native Method)
	at java.base/jdk.internal.reflect.NativeMethodAccessorImpl.invoke(NativeMethodAccessorImpl.java:78)
	at java.base/jdk.internal.reflect.DelegatingMethodAccessorImpl.invoke(DelegatingMethodAccessorImpl.java:43)
	at java.base/java.lang.reflect.Method.invoke(Method.java:567)
	at org.testng.internal.MethodInvocationHelper.invokeMethod(MethodInvocationHelper.java:133)
	at org.testng.internal.TestInvoker.invokeMethod(TestInvoker.java:598)
	at org.testng.internal.TestInvoker.invokeTestMethod(TestInvoker.java:173)
	at org.testng.internal.MethodRunner.runInSequence(MethodRunner.java:46)
	at org.testng.internal.TestInvoker$MethodInvocationAgent.invoke(TestInvoker.java:824)
	at org.testng.internal.TestInvoker.invokeTestMethods(TestInvoker.java:146)
	at org.testng.internal.TestMethodWorker.invokeTestMethods(TestMethodWorker.java:146)
	at org.testng.internal.TestMethodWorker.run(TestMethodWorker.java:128)
	at java.base/java.util.ArrayList.forEach(ArrayList.java:1511)
	at org.testng.TestRunner.privateRun(TestRunner.java:794)
	at org.testng.TestRunner.run(TestRunner.java:596)
	at org.testng.SuiteRunner.runTest(SuiteRunner.java:377)
	at org.testng.SuiteRunner.runSequentially(SuiteRunner.java:371)
	at org.testng.SuiteRunner.privateRun(SuiteRunner.java:332)
	at org.testng.SuiteRunner.run(SuiteRunner.java:276)
	at org.testng.SuiteRunnerWorker.runSuite(SuiteRunnerWorker.java:53)
	at org.testng.SuiteRunnerWorker.run(SuiteRunnerWorker.java:96)
	at org.testng.TestNG.runSuitesSequentially(TestNG.java:1212)
	at org.testng.TestNG.runSuitesLocally(TestNG.java:1134)
	at org.testng.TestNG.runSuites(TestNG.java:1063)
	at org.testng.TestNG.run(TestNG.java:1031)
	at org.testng.remote.AbstractRemoteTestNG.run(AbstractRemoteTestNG.java:115)
	at org.testng.remote.RemoteTestNG.initAndRun(RemoteTestNG.java:251)
	at org.testng.remote.RemoteTestNG.main(RemoteTestNG.java:77)
</pre></div></td>
<td>121</td>
<td>testScenarios.Ts_Search@30457e14</td></tr>
<tr>
<td title='testScenarios.Ts_Reports.Reports_TC_04_Validate_User_Is_AbleTo_SearchAndView_and_Clear_Different_Category_Reports()'><b>Reports_TC_04_Validate_User_Is_AbleTo_SearchAndView_and_Clear_Different_Category_Reports</b><br>Test class: testScenarios.Ts_Reports</td>
<td><div><pre>java.lang.AssertionError: WebElement is Not Visible with Xpath:Proxy element for: DefaultElementLocator &apos;By.xpath: //div[text()=&apos;Showing all reports&apos;]&apos;. On Page title: Retrieval Operations Management . expected [true] but found [false]
	at utils.KeyWords.explicitWait_Until_ElementDisplayed(KeyWords.java:392)
	at testScenarios.Ts_Reports.Reports_TC_04_Validate_User_Is_AbleTo_SearchAndView_and_Clear_Different_Category_Reports(Ts_Reports.java:140)
	at java.base/java.util.ArrayList.forEach(ArrayList.java:1511)
... Removed 30 stack frames</pre></div><a href='#' onClick='toggleBox("stack-trace2123939487", this, "Click to show all stack frames", "Click to hide stack frames")'>Click to show all stack frames</a>
<div class='stack-trace' id='stack-trace2123939487'><pre>java.lang.AssertionError: WebElement is Not Visible with Xpath:Proxy element for: DefaultElementLocator &apos;By.xpath: //div[text()=&apos;Showing all reports&apos;]&apos;. On Page title: Retrieval Operations Management . expected [true] but found [false]
	at org.testng.Assert.fail(Assert.java:99)
	at org.testng.Assert.failNotEquals(Assert.java:1037)
	at org.testng.Assert.assertTrue(Assert.java:45)
	at utils.KeyWords.explicitWait_Until_ElementDisplayed(KeyWords.java:392)
	at testScenarios.Ts_Reports.Reports_TC_04_Validate_User_Is_AbleTo_SearchAndView_and_Clear_Different_Category_Reports(Ts_Reports.java:140)
	at java.base/jdk.internal.reflect.NativeMethodAccessorImpl.invoke0(Native Method)
	at java.base/jdk.internal.reflect.NativeMethodAccessorImpl.invoke(NativeMethodAccessorImpl.java:78)
	at java.base/jdk.internal.reflect.DelegatingMethodAccessorImpl.invoke(DelegatingMethodAccessorImpl.java:43)
	at java.base/java.lang.reflect.Method.invoke(Method.java:567)
	at org.testng.internal.MethodInvocationHelper.invokeMethod(MethodInvocationHelper.java:133)
	at org.testng.internal.TestInvoker.invokeMethod(TestInvoker.java:598)
	at org.testng.internal.TestInvoker.invokeTestMethod(TestInvoker.java:173)
	at org.testng.internal.MethodRunner.runInSequence(MethodRunner.java:46)
	at org.testng.internal.TestInvoker$MethodInvocationAgent.invoke(TestInvoker.java:824)
	at org.testng.internal.TestInvoker.invokeTestMethods(TestInvoker.java:146)
	at org.testng.internal.TestMethodWorker.invokeTestMethods(TestMethodWorker.java:146)
	at org.testng.internal.TestMethodWorker.run(TestMethodWorker.java:128)
	at java.base/java.util.ArrayList.forEach(ArrayList.java:1511)
	at org.testng.TestRunner.privateRun(TestRunner.java:794)
	at org.testng.TestRunner.run(TestRunner.java:596)
	at org.testng.SuiteRunner.runTest(SuiteRunner.java:377)
	at org.testng.SuiteRunner.runSequentially(SuiteRunner.java:371)
	at org.testng.SuiteRunner.privateRun(SuiteRunner.java:332)
	at org.testng.SuiteRunner.run(SuiteRunner.java:276)
	at org.testng.SuiteRunnerWorker.runSuite(SuiteRunnerWorker.java:53)
	at org.testng.SuiteRunnerWorker.run(SuiteRunnerWorker.java:96)
	at org.testng.TestNG.runSuitesSequentially(TestNG.java:1212)
	at org.testng.TestNG.runSuitesLocally(TestNG.java:1134)
	at org.testng.TestNG.runSuites(TestNG.java:1063)
	at org.testng.TestNG.run(TestNG.java:1031)
	at org.testng.remote.AbstractRemoteTestNG.run(AbstractRemoteTestNG.java:115)
	at org.testng.remote.RemoteTestNG.initAndRun(RemoteTestNG.java:251)
	at org.testng.remote.RemoteTestNG.main(RemoteTestNG.java:77)
</pre></div></td>
<td>180</td>
<td>testScenarios.Ts_Reports@273c947f</td></tr>
<tr>
<td title='testScenarios.Ts_Search.TC_RG_Search_Section()'><b>TC_RG_Search_Section</b><br>Test class: testScenarios.Ts_Search</td>
<td><div><pre>java.lang.AssertionError: Not Able to SelectByVisibleText WebElement:[[ChromeDriver: chrome on windows (9c733ab2fe52e9e5129a0ad060a21f72)] -&gt; xpath: //select[@name=&apos;$PSearchPage$ppyStatusWork&apos;]]On Page: Retrieval Operations Management expected [true] but found [false]
	at utils.KeyWords.SelectByVisibleText(KeyWords.java:252)
	at testScenarios.Ts_Search.TC_RG_Search_Section(Ts_Search.java:279)
	at java.base/java.util.ArrayList.forEach(ArrayList.java:1511)
... Removed 30 stack frames</pre></div><a href='#' onClick='toggleBox("stack-trace1747336254", this, "Click to show all stack frames", "Click to hide stack frames")'>Click to show all stack frames</a>
<div class='stack-trace' id='stack-trace1747336254'><pre>java.lang.AssertionError: Not Able to SelectByVisibleText WebElement:[[ChromeDriver: chrome on windows (9c733ab2fe52e9e5129a0ad060a21f72)] -&gt; xpath: //select[@name=&apos;$PSearchPage$ppyStatusWork&apos;]]On Page: Retrieval Operations Management expected [true] but found [false]
	at org.testng.Assert.fail(Assert.java:99)
	at org.testng.Assert.failNotEquals(Assert.java:1037)
	at org.testng.Assert.assertTrue(Assert.java:45)
	at utils.KeyWords.SelectByVisibleText(KeyWords.java:252)
	at testScenarios.Ts_Search.TC_RG_Search_Section(Ts_Search.java:279)
	at java.base/jdk.internal.reflect.NativeMethodAccessorImpl.invoke0(Native Method)
	at java.base/jdk.internal.reflect.NativeMethodAccessorImpl.invoke(NativeMethodAccessorImpl.java:78)
	at java.base/jdk.internal.reflect.DelegatingMethodAccessorImpl.invoke(DelegatingMethodAccessorImpl.java:43)
	at java.base/java.lang.reflect.Method.invoke(Method.java:567)
	at org.testng.internal.MethodInvocationHelper.invokeMethod(MethodInvocationHelper.java:133)
	at org.testng.internal.TestInvoker.invokeMethod(TestInvoker.java:598)
	at org.testng.internal.TestInvoker.invokeTestMethod(TestInvoker.java:173)
	at org.testng.internal.MethodRunner.runInSequence(MethodRunner.java:46)
	at org.testng.internal.TestInvoker$MethodInvocationAgent.invoke(TestInvoker.java:824)
	at org.testng.internal.TestInvoker.invokeTestMethods(TestInvoker.java:146)
	at org.testng.internal.TestMethodWorker.invokeTestMethods(TestMethodWorker.java:146)
	at org.testng.internal.TestMethodWorker.run(TestMethodWorker.java:128)
	at java.base/java.util.ArrayList.forEach(ArrayList.java:1511)
	at org.testng.TestRunner.privateRun(TestRunner.java:794)
	at org.testng.TestRunner.run(TestRunner.java:596)
	at org.testng.SuiteRunner.runTest(SuiteRunner.java:377)
	at org.testng.SuiteRunner.runSequentially(SuiteRunner.java:371)
	at org.testng.SuiteRunner.privateRun(SuiteRunner.java:332)
	at org.testng.SuiteRunner.run(SuiteRunner.java:276)
	at org.testng.SuiteRunnerWorker.runSuite(SuiteRunnerWorker.java:53)
	at org.testng.SuiteRunnerWorker.run(SuiteRunnerWorker.java:96)
	at org.testng.TestNG.runSuitesSequentially(TestNG.java:1212)
	at org.testng.TestNG.runSuitesLocally(TestNG.java:1134)
	at org.testng.TestNG.runSuites(TestNG.java:1063)
	at org.testng.TestNG.run(TestNG.java:1031)
	at org.testng.remote.AbstractRemoteTestNG.run(AbstractRemoteTestNG.java:115)
	at org.testng.remote.RemoteTestNG.initAndRun(RemoteTestNG.java:251)
	at org.testng.remote.RemoteTestNG.main(RemoteTestNG.java:77)
</pre></div></td>
<td>84</td>
<td>testScenarios.Ts_Search@30457e14</td></tr>
<tr>
<td title='testScenarios.Ts_Search.TC__clickOnRG()'><b>TC__clickOnRG</b><br>Test class: testScenarios.Ts_Search</td>
<td><div><pre>java.lang.AssertionError: Not Able to SelectByVisibleText WebElement:[[ChromeDriver: chrome on windows (69c4e4b7d8fd283827d9304fab928dd3)] -&gt; xpath: //select[@name=&apos;$PSearchPage$ppyStatusWork&apos;]]On Page: Retrieval Operations Management expected [true] but found [false]
	at utils.KeyWords.SelectByVisibleText(KeyWords.java:252)
	at testScenarios.Ts_Search.TC__clickOnRG(Ts_Search.java:225)
	at java.base/java.util.ArrayList.forEach(ArrayList.java:1511)
... Removed 30 stack frames</pre></div><a href='#' onClick='toggleBox("stack-trace2041845741", this, "Click to show all stack frames", "Click to hide stack frames")'>Click to show all stack frames</a>
<div class='stack-trace' id='stack-trace2041845741'><pre>java.lang.AssertionError: Not Able to SelectByVisibleText WebElement:[[ChromeDriver: chrome on windows (69c4e4b7d8fd283827d9304fab928dd3)] -&gt; xpath: //select[@name=&apos;$PSearchPage$ppyStatusWork&apos;]]On Page: Retrieval Operations Management expected [true] but found [false]
	at org.testng.Assert.fail(Assert.java:99)
	at org.testng.Assert.failNotEquals(Assert.java:1037)
	at org.testng.Assert.assertTrue(Assert.java:45)
	at utils.KeyWords.SelectByVisibleText(KeyWords.java:252)
	at testScenarios.Ts_Search.TC__clickOnRG(Ts_Search.java:225)
	at java.base/jdk.internal.reflect.NativeMethodAccessorImpl.invoke0(Native Method)
	at java.base/jdk.internal.reflect.NativeMethodAccessorImpl.invoke(NativeMethodAccessorImpl.java:78)
	at java.base/jdk.internal.reflect.DelegatingMethodAccessorImpl.invoke(DelegatingMethodAccessorImpl.java:43)
	at java.base/java.lang.reflect.Method.invoke(Method.java:567)
	at org.testng.internal.MethodInvocationHelper.invokeMethod(MethodInvocationHelper.java:133)
	at org.testng.internal.TestInvoker.invokeMethod(TestInvoker.java:598)
	at org.testng.internal.TestInvoker.invokeTestMethod(TestInvoker.java:173)
	at org.testng.internal.MethodRunner.runInSequence(MethodRunner.java:46)
	at org.testng.internal.TestInvoker$MethodInvocationAgent.invoke(TestInvoker.java:824)
	at org.testng.internal.TestInvoker.invokeTestMethods(TestInvoker.java:146)
	at org.testng.internal.TestMethodWorker.invokeTestMethods(TestMethodWorker.java:146)
	at org.testng.internal.TestMethodWorker.run(TestMethodWorker.java:128)
	at java.base/java.util.ArrayList.forEach(ArrayList.java:1511)
	at org.testng.TestRunner.privateRun(TestRunner.java:794)
	at org.testng.TestRunner.run(TestRunner.java:596)
	at org.testng.SuiteRunner.runTest(SuiteRunner.java:377)
	at org.testng.SuiteRunner.runSequentially(SuiteRunner.java:371)
	at org.testng.SuiteRunner.privateRun(SuiteRunner.java:332)
	at org.testng.SuiteRunner.run(SuiteRunner.java:276)
	at org.testng.SuiteRunnerWorker.runSuite(SuiteRunnerWorker.java:53)
	at org.testng.SuiteRunnerWorker.run(SuiteRunnerWorker.java:96)
	at org.testng.TestNG.runSuitesSequentially(TestNG.java:1212)
	at org.testng.TestNG.runSuitesLocally(TestNG.java:1134)
	at org.testng.TestNG.runSuites(TestNG.java:1063)
	at org.testng.TestNG.run(TestNG.java:1031)
	at org.testng.remote.AbstractRemoteTestNG.run(AbstractRemoteTestNG.java:115)
	at org.testng.remote.RemoteTestNG.initAndRun(RemoteTestNG.java:251)
	at org.testng.remote.RemoteTestNG.main(RemoteTestNG.java:77)
</pre></div></td>
<td>74</td>
<td>testScenarios.Ts_Search@30457e14</td></tr>
<tr>
<td title='testScenarios.Ts_Admin.Admin_TC_05_Validate_User_ableTo_View_MR2MR3Configuration_Section()'><b>Admin_TC_05_Validate_User_ableTo_View_MR2MR3Configuration_Section</b><br>Test class: testScenarios.Ts_Admin</td>
<td><div><pre>java.lang.AssertionError: Not Able to Swithc to Frame By WebElement: Proxy element for: DefaultElementLocator &apos;By.xpath: //iframe[contains(@id,&apos;PegaGadget&apos;) and @title=&apos;EditOrUploadMR2MR3Rules&apos;]&apos;. On Page title: Retrieval Operations Management expected [true] but found [false]
	at utils.KeyWords.switchFrameByWebElement(KeyWords.java:603)
	at testScenarios.Ts_Admin.Admin_TC_05_Validate_User_ableTo_View_MR2MR3Configuration_Section(Ts_Admin.java:155)
	at java.base/java.util.ArrayList.forEach(ArrayList.java:1511)
... Removed 30 stack frames</pre></div><a href='#' onClick='toggleBox("stack-trace1572937899", this, "Click to show all stack frames", "Click to hide stack frames")'>Click to show all stack frames</a>
<div class='stack-trace' id='stack-trace1572937899'><pre>java.lang.AssertionError: Not Able to Swithc to Frame By WebElement: Proxy element for: DefaultElementLocator &apos;By.xpath: //iframe[contains(@id,&apos;PegaGadget&apos;) and @title=&apos;EditOrUploadMR2MR3Rules&apos;]&apos;. On Page title: Retrieval Operations Management expected [true] but found [false]
	at org.testng.Assert.fail(Assert.java:99)
	at org.testng.Assert.failNotEquals(Assert.java:1037)
	at org.testng.Assert.assertTrue(Assert.java:45)
	at utils.KeyWords.switchFrameByWebElement(KeyWords.java:603)
	at testScenarios.Ts_Admin.Admin_TC_05_Validate_User_ableTo_View_MR2MR3Configuration_Section(Ts_Admin.java:155)
	at java.base/jdk.internal.reflect.NativeMethodAccessorImpl.invoke0(Native Method)
	at java.base/jdk.internal.reflect.NativeMethodAccessorImpl.invoke(NativeMethodAccessorImpl.java:78)
	at java.base/jdk.internal.reflect.DelegatingMethodAccessorImpl.invoke(DelegatingMethodAccessorImpl.java:43)
	at java.base/java.lang.reflect.Method.invoke(Method.java:567)
	at org.testng.internal.MethodInvocationHelper.invokeMethod(MethodInvocationHelper.java:133)
	at org.testng.internal.TestInvoker.invokeMethod(TestInvoker.java:598)
	at org.testng.internal.TestInvoker.invokeTestMethod(TestInvoker.java:173)
	at org.testng.internal.MethodRunner.runInSequence(MethodRunner.java:46)
	at org.testng.internal.TestInvoker$MethodInvocationAgent.invoke(TestInvoker.java:824)
	at org.testng.internal.TestInvoker.invokeTestMethods(TestInvoker.java:146)
	at org.testng.internal.TestMethodWorker.invokeTestMethods(TestMethodWorker.java:146)
	at org.testng.internal.TestMethodWorker.run(TestMethodWorker.java:128)
	at java.base/java.util.ArrayList.forEach(ArrayList.java:1511)
	at org.testng.TestRunner.privateRun(TestRunner.java:794)
	at org.testng.TestRunner.run(TestRunner.java:596)
	at org.testng.SuiteRunner.runTest(SuiteRunner.java:377)
	at org.testng.SuiteRunner.runSequentially(SuiteRunner.java:371)
	at org.testng.SuiteRunner.privateRun(SuiteRunner.java:332)
	at org.testng.SuiteRunner.run(SuiteRunner.java:276)
	at org.testng.SuiteRunnerWorker.runSuite(SuiteRunnerWorker.java:53)
	at org.testng.SuiteRunnerWorker.run(SuiteRunnerWorker.java:96)
	at org.testng.TestNG.runSuitesSequentially(TestNG.java:1212)
	at org.testng.TestNG.runSuitesLocally(TestNG.java:1134)
	at org.testng.TestNG.runSuites(TestNG.java:1063)
	at org.testng.TestNG.run(TestNG.java:1031)
	at org.testng.remote.AbstractRemoteTestNG.run(AbstractRemoteTestNG.java:115)
	at org.testng.remote.RemoteTestNG.initAndRun(RemoteTestNG.java:251)
	at org.testng.remote.RemoteTestNG.main(RemoteTestNG.java:77)
</pre></div></td>
<td>105</td>
<td>testScenarios.Ts_Admin@5a12c728</td></tr>
<tr>
<td title='testScenarios.Ts_Admin.Admin_TC_06_Validate_User_ableTo_View_CopyServiceConfiguration_Section()'><b>Admin_TC_06_Validate_User_ableTo_View_CopyServiceConfiguration_Section</b><br>Test class: testScenarios.Ts_Admin</td>
<td><div><pre>java.lang.AssertionError: Not Able to Swithc to Frame By WebElement: Proxy element for: DefaultElementLocator &apos;By.xpath: //iframe[@title=&apos;CopyServiceDelegation&apos;]&apos;. On Page title: Retrieval Operations Management expected [true] but found [false]
	at utils.KeyWords.switchFrameByWebElement(KeyWords.java:603)
	at testScenarios.Ts_Admin.Admin_TC_06_Validate_User_ableTo_View_CopyServiceConfiguration_Section(Ts_Admin.java:174)
	at java.base/java.util.ArrayList.forEach(ArrayList.java:1511)
... Removed 30 stack frames</pre></div><a href='#' onClick='toggleBox("stack-trace179915314", this, "Click to show all stack frames", "Click to hide stack frames")'>Click to show all stack frames</a>
<div class='stack-trace' id='stack-trace179915314'><pre>java.lang.AssertionError: Not Able to Swithc to Frame By WebElement: Proxy element for: DefaultElementLocator &apos;By.xpath: //iframe[@title=&apos;CopyServiceDelegation&apos;]&apos;. On Page title: Retrieval Operations Management expected [true] but found [false]
	at org.testng.Assert.fail(Assert.java:99)
	at org.testng.Assert.failNotEquals(Assert.java:1037)
	at org.testng.Assert.assertTrue(Assert.java:45)
	at utils.KeyWords.switchFrameByWebElement(KeyWords.java:603)
	at testScenarios.Ts_Admin.Admin_TC_06_Validate_User_ableTo_View_CopyServiceConfiguration_Section(Ts_Admin.java:174)
	at java.base/jdk.internal.reflect.NativeMethodAccessorImpl.invoke0(Native Method)
	at java.base/jdk.internal.reflect.NativeMethodAccessorImpl.invoke(NativeMethodAccessorImpl.java:78)
	at java.base/jdk.internal.reflect.DelegatingMethodAccessorImpl.invoke(DelegatingMethodAccessorImpl.java:43)
	at java.base/java.lang.reflect.Method.invoke(Method.java:567)
	at org.testng.internal.MethodInvocationHelper.invokeMethod(MethodInvocationHelper.java:133)
	at org.testng.internal.TestInvoker.invokeMethod(TestInvoker.java:598)
	at org.testng.internal.TestInvoker.invokeTestMethod(TestInvoker.java:173)
	at org.testng.internal.MethodRunner.runInSequence(MethodRunner.java:46)
	at org.testng.internal.TestInvoker$MethodInvocationAgent.invoke(TestInvoker.java:824)
	at org.testng.internal.TestInvoker.invokeTestMethods(TestInvoker.java:146)
	at org.testng.internal.TestMethodWorker.invokeTestMethods(TestMethodWorker.java:146)
	at org.testng.internal.TestMethodWorker.run(TestMethodWorker.java:128)
	at java.base/java.util.ArrayList.forEach(ArrayList.java:1511)
	at org.testng.TestRunner.privateRun(TestRunner.java:794)
	at org.testng.TestRunner.run(TestRunner.java:596)
	at org.testng.SuiteRunner.runTest(SuiteRunner.java:377)
	at org.testng.SuiteRunner.runSequentially(SuiteRunner.java:371)
	at org.testng.SuiteRunner.privateRun(SuiteRunner.java:332)
	at org.testng.SuiteRunner.run(SuiteRunner.java:276)
	at org.testng.SuiteRunnerWorker.runSuite(SuiteRunnerWorker.java:53)
	at org.testng.SuiteRunnerWorker.run(SuiteRunnerWorker.java:96)
	at org.testng.TestNG.runSuitesSequentially(TestNG.java:1212)
	at org.testng.TestNG.runSuitesLocally(TestNG.java:1134)
	at org.testng.TestNG.runSuites(TestNG.java:1063)
	at org.testng.TestNG.run(TestNG.java:1031)
	at org.testng.remote.AbstractRemoteTestNG.run(AbstractRemoteTestNG.java:115)
	at org.testng.remote.RemoteTestNG.initAndRun(RemoteTestNG.java:251)
	at org.testng.remote.RemoteTestNG.main(RemoteTestNG.java:77)
</pre></div></td>
<td>118</td>
<td>testScenarios.Ts_Admin@5a12c728</td></tr>
<tr>
<td title='testScenarios.Ts_Search.Search_TC_04_Validate_User_Is_Able_To_Search_With_RequestGroupID()'><b>Search_TC_04_Validate_User_Is_Able_To_Search_With_RequestGroupID</b><br>Test class: testScenarios.Ts_Search</td>
<td><div><pre>java.lang.AssertionError: WebElement is Not Visible with Xpath:Proxy element for: DefaultElementLocator &apos;By.xpath: //h3[text()=&apos;View Notes&apos;]&apos;. On Page title: Notes And History Details . expected [true] but found [false]
	at utils.KeyWords.explicitWait_Until_ElementDisplayed(KeyWords.java:392)
	at testScenarios.Ts_Search.Search_TC_04_Validate_User_Is_Able_To_Search_With_RequestGroupID(Ts_Search.java:193)
	at java.base/java.util.ArrayList.forEach(ArrayList.java:1511)
... Removed 30 stack frames</pre></div><a href='#' onClick='toggleBox("stack-trace399859897", this, "Click to show all stack frames", "Click to hide stack frames")'>Click to show all stack frames</a>
<div class='stack-trace' id='stack-trace399859897'><pre>java.lang.AssertionError: WebElement is Not Visible with Xpath:Proxy element for: DefaultElementLocator &apos;By.xpath: //h3[text()=&apos;View Notes&apos;]&apos;. On Page title: Notes And History Details . expected [true] but found [false]
	at org.testng.Assert.fail(Assert.java:99)
	at org.testng.Assert.failNotEquals(Assert.java:1037)
	at org.testng.Assert.assertTrue(Assert.java:45)
	at utils.KeyWords.explicitWait_Until_ElementDisplayed(KeyWords.java:392)
	at testScenarios.Ts_Search.Search_TC_04_Validate_User_Is_Able_To_Search_With_RequestGroupID(Ts_Search.java:193)
	at java.base/jdk.internal.reflect.NativeMethodAccessorImpl.invoke0(Native Method)
	at java.base/jdk.internal.reflect.NativeMethodAccessorImpl.invoke(NativeMethodAccessorImpl.java:78)
	at java.base/jdk.internal.reflect.DelegatingMethodAccessorImpl.invoke(DelegatingMethodAccessorImpl.java:43)
	at java.base/java.lang.reflect.Method.invoke(Method.java:567)
	at org.testng.internal.MethodInvocationHelper.invokeMethod(MethodInvocationHelper.java:133)
	at org.testng.internal.TestInvoker.invokeMethod(TestInvoker.java:598)
	at org.testng.internal.TestInvoker.invokeTestMethod(TestInvoker.java:173)
	at org.testng.internal.MethodRunner.runInSequence(MethodRunner.java:46)
	at org.testng.internal.TestInvoker$MethodInvocationAgent.invoke(TestInvoker.java:824)
	at org.testng.internal.TestInvoker.invokeTestMethods(TestInvoker.java:146)
	at org.testng.internal.TestMethodWorker.invokeTestMethods(TestMethodWorker.java:146)
	at org.testng.internal.TestMethodWorker.run(TestMethodWorker.java:128)
	at java.base/java.util.ArrayList.forEach(ArrayList.java:1511)
	at org.testng.TestRunner.privateRun(TestRunner.java:794)
	at org.testng.TestRunner.run(TestRunner.java:596)
	at org.testng.SuiteRunner.runTest(SuiteRunner.java:377)
	at org.testng.SuiteRunner.runSequentially(SuiteRunner.java:371)
	at org.testng.SuiteRunner.privateRun(SuiteRunner.java:332)
	at org.testng.SuiteRunner.run(SuiteRunner.java:276)
	at org.testng.SuiteRunnerWorker.runSuite(SuiteRunnerWorker.java:53)
	at org.testng.SuiteRunnerWorker.run(SuiteRunnerWorker.java:96)
	at org.testng.TestNG.runSuitesSequentially(TestNG.java:1212)
	at org.testng.TestNG.runSuitesLocally(TestNG.java:1134)
	at org.testng.TestNG.runSuites(TestNG.java:1063)
	at org.testng.TestNG.run(TestNG.java:1031)
	at org.testng.remote.AbstractRemoteTestNG.run(AbstractRemoteTestNG.java:115)
	at org.testng.remote.RemoteTestNG.initAndRun(RemoteTestNG.java:251)
	at org.testng.remote.RemoteTestNG.main(RemoteTestNG.java:77)
</pre></div></td>
<td>195</td>
<td>testScenarios.Ts_Search@30457e14</td></tr>
<tr>
<td title='testScenarios.Ts_MyWork.MyWork_TC_03_Validate_User_AbleTo_Select_MyWorkBasket_And_View_Headers()'><b>MyWork_TC_03_Validate_User_AbleTo_Select_MyWorkBasket_And_View_Headers</b><br>Test class: testScenarios.Ts_MyWork</td>
<td><div><pre>java.lang.AssertionError: Not Able to Move to WebElement:[[ChromeDriver: chrome on windows (07e1ebfc34fa47f67e2b4623b4ef4746)] -&gt; xpath: //div[contains(@hashed-dp-page,&apos;D_DisplayDownloadQueueWorkBasket&apos;)]//*[text()=&apos;Account Name&apos;]]. On Page title: Retrieval Operations Management expected [true] but found [false]
	at utils.KeyWords.moveToWebElement(KeyWords.java:841)
	at testScenarios.Ts_MyWork.MyWork_TC_03_Validate_User_AbleTo_Select_MyWorkBasket_And_View_Headers(Ts_MyWork.java:113)
	at java.base/java.util.ArrayList.forEach(ArrayList.java:1511)
... Removed 30 stack frames</pre></div><a href='#' onClick='toggleBox("stack-trace1324295458", this, "Click to show all stack frames", "Click to hide stack frames")'>Click to show all stack frames</a>
<div class='stack-trace' id='stack-trace1324295458'><pre>java.lang.AssertionError: Not Able to Move to WebElement:[[ChromeDriver: chrome on windows (07e1ebfc34fa47f67e2b4623b4ef4746)] -&gt; xpath: //div[contains(@hashed-dp-page,&apos;D_DisplayDownloadQueueWorkBasket&apos;)]//*[text()=&apos;Account Name&apos;]]. On Page title: Retrieval Operations Management expected [true] but found [false]
	at org.testng.Assert.fail(Assert.java:99)
	at org.testng.Assert.failNotEquals(Assert.java:1037)
	at org.testng.Assert.assertTrue(Assert.java:45)
	at utils.KeyWords.moveToWebElement(KeyWords.java:841)
	at testScenarios.Ts_MyWork.MyWork_TC_03_Validate_User_AbleTo_Select_MyWorkBasket_And_View_Headers(Ts_MyWork.java:113)
	at java.base/jdk.internal.reflect.NativeMethodAccessorImpl.invoke0(Native Method)
	at java.base/jdk.internal.reflect.NativeMethodAccessorImpl.invoke(NativeMethodAccessorImpl.java:78)
	at java.base/jdk.internal.reflect.DelegatingMethodAccessorImpl.invoke(DelegatingMethodAccessorImpl.java:43)
	at java.base/java.lang.reflect.Method.invoke(Method.java:567)
	at org.testng.internal.MethodInvocationHelper.invokeMethod(MethodInvocationHelper.java:133)
	at org.testng.internal.TestInvoker.invokeMethod(TestInvoker.java:598)
	at org.testng.internal.TestInvoker.invokeTestMethod(TestInvoker.java:173)
	at org.testng.internal.MethodRunner.runInSequence(MethodRunner.java:46)
	at org.testng.internal.TestInvoker$MethodInvocationAgent.invoke(TestInvoker.java:824)
	at org.testng.internal.TestInvoker.invokeTestMethods(TestInvoker.java:146)
	at org.testng.internal.TestMethodWorker.invokeTestMethods(TestMethodWorker.java:146)
	at org.testng.internal.TestMethodWorker.run(TestMethodWorker.java:128)
	at java.base/java.util.ArrayList.forEach(ArrayList.java:1511)
	at org.testng.TestRunner.privateRun(TestRunner.java:794)
	at org.testng.TestRunner.run(TestRunner.java:596)
	at org.testng.SuiteRunner.runTest(SuiteRunner.java:377)
	at org.testng.SuiteRunner.runSequentially(SuiteRunner.java:371)
	at org.testng.SuiteRunner.privateRun(SuiteRunner.java:332)
	at org.testng.SuiteRunner.run(SuiteRunner.java:276)
	at org.testng.SuiteRunnerWorker.runSuite(SuiteRunnerWorker.java:53)
	at org.testng.SuiteRunnerWorker.run(SuiteRunnerWorker.java:96)
	at org.testng.TestNG.runSuitesSequentially(TestNG.java:1212)
	at org.testng.TestNG.runSuitesLocally(TestNG.java:1134)
	at org.testng.TestNG.runSuites(TestNG.java:1063)
	at org.testng.TestNG.run(TestNG.java:1031)
	at org.testng.remote.AbstractRemoteTestNG.run(AbstractRemoteTestNG.java:115)
	at org.testng.remote.RemoteTestNG.initAndRun(RemoteTestNG.java:251)
	at org.testng.remote.RemoteTestNG.main(RemoteTestNG.java:77)
</pre></div></td>
<td>130</td>
<td>testScenarios.Ts_MyWork@450794b4</td></tr>
<tr>
<td title='testScenarios.Ts_Search.Search_TC_02_Validate_User_Is_Able_To_Search_With_RequestGroupID()'><b>Search_TC_02_Validate_User_Is_Able_To_Search_With_RequestGroupID</b><br>Test class: testScenarios.Ts_Search</td>
<td><div><pre>java.lang.AssertionError: Exception occured while Executing the Test Case: Search_TC_02_Validate_User_Is_Able_To_Search_With_RequestGroupID. expected [true] but found [false]
	at testScenarios.Ts_Search.Search_TC_02_Validate_User_Is_Able_To_Search_With_RequestGroupID(Ts_Search.java:135)
	at java.base/java.util.ArrayList.forEach(ArrayList.java:1511)
... Removed 30 stack frames</pre></div><a href='#' onClick='toggleBox("stack-trace1077225979", this, "Click to show all stack frames", "Click to hide stack frames")'>Click to show all stack frames</a>
<div class='stack-trace' id='stack-trace1077225979'><pre>java.lang.AssertionError: Exception occured while Executing the Test Case: Search_TC_02_Validate_User_Is_Able_To_Search_With_RequestGroupID. expected [true] but found [false]
	at org.testng.Assert.fail(Assert.java:99)
	at org.testng.Assert.failNotEquals(Assert.java:1037)
	at org.testng.Assert.assertTrue(Assert.java:45)
	at testScenarios.Ts_Search.Search_TC_02_Validate_User_Is_Able_To_Search_With_RequestGroupID(Ts_Search.java:135)
	at java.base/jdk.internal.reflect.NativeMethodAccessorImpl.invoke0(Native Method)
	at java.base/jdk.internal.reflect.NativeMethodAccessorImpl.invoke(NativeMethodAccessorImpl.java:78)
	at java.base/jdk.internal.reflect.DelegatingMethodAccessorImpl.invoke(DelegatingMethodAccessorImpl.java:43)
	at java.base/java.lang.reflect.Method.invoke(Method.java:567)
	at org.testng.internal.MethodInvocationHelper.invokeMethod(MethodInvocationHelper.java:133)
	at org.testng.internal.TestInvoker.invokeMethod(TestInvoker.java:598)
	at org.testng.internal.TestInvoker.invokeTestMethod(TestInvoker.java:173)
	at org.testng.internal.MethodRunner.runInSequence(MethodRunner.java:46)
	at org.testng.internal.TestInvoker$MethodInvocationAgent.invoke(TestInvoker.java:824)
	at org.testng.internal.TestInvoker.invokeTestMethods(TestInvoker.java:146)
	at org.testng.internal.TestMethodWorker.invokeTestMethods(TestMethodWorker.java:146)
	at org.testng.internal.TestMethodWorker.run(TestMethodWorker.java:128)
	at java.base/java.util.ArrayList.forEach(ArrayList.java:1511)
	at org.testng.TestRunner.privateRun(TestRunner.java:794)
	at org.testng.TestRunner.run(TestRunner.java:596)
	at org.testng.SuiteRunner.runTest(SuiteRunner.java:377)
	at org.testng.SuiteRunner.runSequentially(SuiteRunner.java:371)
	at org.testng.SuiteRunner.privateRun(SuiteRunner.java:332)
	at org.testng.SuiteRunner.run(SuiteRunner.java:276)
	at org.testng.SuiteRunnerWorker.runSuite(SuiteRunnerWorker.java:53)
	at org.testng.SuiteRunnerWorker.run(SuiteRunnerWorker.java:96)
	at org.testng.TestNG.runSuitesSequentially(TestNG.java:1212)
	at org.testng.TestNG.runSuitesLocally(TestNG.java:1134)
	at org.testng.TestNG.runSuites(TestNG.java:1063)
	at org.testng.TestNG.run(TestNG.java:1031)
	at org.testng.remote.AbstractRemoteTestNG.run(AbstractRemoteTestNG.java:115)
	at org.testng.remote.RemoteTestNG.initAndRun(RemoteTestNG.java:251)
	at org.testng.remote.RemoteTestNG.main(RemoteTestNG.java:77)
</pre></div></td>
<td>95</td>
<td>testScenarios.Ts_Search@30457e14</td></tr>
</table><p>
<table width='100%' border='1' class='invocation-passed'>
<tr><td colspan='4' align='center'><b>PASSED TESTS</b></td></tr>
<tr><td><b>Test method</b></td>
<td width="30%"><b>Exception</b></td>
<td width="10%"><b>Time (seconds)</b></td>
<td><b>Instance</b></td>
</tr>
<tr>
<td title='testScenarios.Ts_Admin.Admin_TC_01_Validate_User_AbleTo_View_SearchFields_TextBoxes_Under_UserManagement()'><b>Admin_TC_01_Validate_User_AbleTo_View_SearchFields_TextBoxes_Under_UserManagement</b><br>Test class: testScenarios.Ts_Admin</td>
<td></td>
<td>73</td>
<td>testScenarios.Ts_Admin@5a12c728</td></tr>
<tr>
<td title='testScenarios.Ts_Admin.Admin_TC_02_Validate_User_AbleTo_Search_With_FirstName_Under_UserManagement()'><b>Admin_TC_02_Validate_User_AbleTo_Search_With_FirstName_Under_UserManagement</b><br>Test class: testScenarios.Ts_Admin</td>
<td></td>
<td>76</td>
<td>testScenarios.Ts_Admin@5a12c728</td></tr>
<tr>
<td title='testScenarios.Ts_Admin.Admin_TC_03_Validate_User_AbleTo_Search_Wiht_Email_Under_UserManagement()'><b>Admin_TC_03_Validate_User_AbleTo_Search_Wiht_Email_Under_UserManagement</b><br>Test class: testScenarios.Ts_Admin</td>
<td></td>
<td>77</td>
<td>testScenarios.Ts_Admin@5a12c728</td></tr>
<tr>
<td title='testScenarios.Ts_MyWork.MyWork_TC_04_Validate_User_AbleTo_View_RequestGroups_Headers()'><b>MyWork_TC_04_Validate_User_AbleTo_View_RequestGroups_Headers</b><br>Test class: testScenarios.Ts_MyWork</td>
<td></td>
<td>103</td>
<td>testScenarios.Ts_MyWork@450794b4</td></tr>
<tr>
<td title='testScenarios.Ts_DashBoard.Dashboard_TC_01_Validate_UserIs_Able_To_View_Sections_In_DashBoard()'><b>Dashboard_TC_01_Validate_UserIs_Able_To_View_Sections_In_DashBoard</b><br>Test class: testScenarios.Ts_DashBoard</td>
<td></td>
<td>57</td>
<td>testScenarios.Ts_DashBoard@50cf5a23</td></tr>
<tr>
<td title='testScenarios.Ts_Reports.Reports_TC_02_Validate_User_Is_AbleTo_Manage_Categories_In_ReportsSection()'><b>Reports_TC_02_Validate_User_Is_AbleTo_Manage_Categories_In_ReportsSection</b><br>Test class: testScenarios.Ts_Reports</td>
<td></td>
<td>74</td>
<td>testScenarios.Ts_Reports@273c947f</td></tr>
<tr>
<td title='testScenarios.Ts_Reports.Reports_TC_05_Validate_User_Is_AbleTo_View_TotalUploadsPerDayReport_And_Headers()'><b>Reports_TC_05_Validate_User_Is_AbleTo_View_TotalUploadsPerDayReport_And_Headers</b><br>Test class: testScenarios.Ts_Reports</td>
<td></td>
<td>119</td>
<td>testScenarios.Ts_Reports@273c947f</td></tr>
<tr>
<td title='testScenarios.Ts_DashBoard.Dashboard_TC_03_Validate_UserIs_Able_Expand_And_View_Headers_Under_RequestGroup_Section()'><b>Dashboard_TC_03_Validate_UserIs_Able_Expand_And_View_Headers_Under_RequestGroup_Section</b><br>Test class: testScenarios.Ts_DashBoard</td>
<td></td>
<td>64</td>
<td>testScenarios.Ts_DashBoard@50cf5a23</td></tr>
<tr>
<td title='testScenarios.Ts_Reports.Reports_TC_03_Validate_User_Is_AbleTo_SearchAndView_CotivitDownLoadQue_Category_Reports()'><b>Reports_TC_03_Validate_User_Is_AbleTo_SearchAndView_CotivitDownLoadQue_Category_Reports</b><br>Test class: testScenarios.Ts_Reports</td>
<td></td>
<td>95</td>
<td>testScenarios.Ts_Reports@273c947f</td></tr>
<tr>
<td title='testScenarios.Ts_Search.Search_TC_01_Validate_User_Is_Able_To_ViewSearchOptions_and_Search_With_Status_And_Open_An_RG()'><b>Search_TC_01_Validate_User_Is_Able_To_ViewSearchOptions_and_Search_With_Status_And_Open_An_RG</b><br>Test class: testScenarios.Ts_Search</td>
<td></td>
<td>99</td>
<td>testScenarios.Ts_Search@30457e14</td></tr>
<tr>
<td title='testScenarios.Ts_Admin.Admin_TC_04_Validate_User_ableTo_View_Fields_in_FileUpload_Section()'><b>Admin_TC_04_Validate_User_ableTo_View_Fields_in_FileUpload_Section</b><br>Test class: testScenarios.Ts_Admin</td>
<td></td>
<td>79</td>
<td>testScenarios.Ts_Admin@5a12c728</td></tr>
<tr>
<td title='testScenarios.Ts_Reports.Reports_TC_01_Validate_User_Is_AbleTo_View_Reports_Section()'><b>Reports_TC_01_Validate_User_Is_AbleTo_View_Reports_Section</b><br>Test class: testScenarios.Ts_Reports</td>
<td></td>
<td>78</td>
<td>testScenarios.Ts_Reports@273c947f</td></tr>
<tr>
<td title='testScenarios.Ts_DashBoard.Dashboard_TC_04_Validate_UserIs_Able_Expand_And_View_Headers_Under_TeamMembers_Section()'><b>Dashboard_TC_04_Validate_UserIs_Able_Expand_And_View_Headers_Under_TeamMembers_Section</b><br>Test class: testScenarios.Ts_DashBoard</td>
<td></td>
<td>57</td>
<td>testScenarios.Ts_DashBoard@50cf5a23</td></tr>
<tr>
<td title='testScenarios.Ts_MyWork.MyWork_TC_01_Validate_User_AbleTo_View_MyWork_Section()'><b>MyWork_TC_01_Validate_User_AbleTo_View_MyWork_Section</b><br>Test class: testScenarios.Ts_MyWork</td>
<td></td>
<td>78</td>
<td>testScenarios.Ts_MyWork@450794b4</td></tr>
<tr>
<td title='testScenarios.Ts_MyWork.MyWork_TC_02_Validate_User_AbleTo_Select_MyWorkList_And_View_Headers()'><b>MyWork_TC_02_Validate_User_AbleTo_Select_MyWorkList_And_View_Headers</b><br>Test class: testScenarios.Ts_MyWork</td>
<td></td>
<td>98</td>
<td>testScenarios.Ts_MyWork@450794b4</td></tr>
<tr>
<td title='testScenarios.Ts_DashBoard.Dashboard_TC_02_Validate_UserIs_Able_To_CloseAll_Frames_In_DashBoard()'><b>Dashboard_TC_02_Validate_UserIs_Able_To_CloseAll_Frames_In_DashBoard</b><br>Test class: testScenarios.Ts_DashBoard</td>
<td></td>
<td>51</td>
<td>testScenarios.Ts_DashBoard@50cf5a23</td></tr>
<tr>
<td title='testScenarios.Ts_DashBoard.Dashboard_TC_05_Validate_RG_Result_are_Displayed_Under_RequestGroup_Section()'><b>Dashboard_TC_05_Validate_RG_Result_are_Displayed_Under_RequestGroup_Section</b><br>Test class: testScenarios.Ts_DashBoard</td>
<td></td>
<td>62</td>
<td>testScenarios.Ts_DashBoard@50cf5a23</td></tr>
</table><p>
</body>
</html>