<?xml version="1.0" encoding="UTF-8"?>
<!-- Generated by org.testng.reporters.JUnitXMLReporter -->
<testsuite ignored="0" hostname="DESKTOP-ITILOB1" failures="11" tests="28" name="TotalSuiteRun" time="2805.676" errors="0" timestamp="2023-07-24T10:12:42 IST">
  <testcase classname="testScenarios.Ts_Admin" name="Admin_TC_01_Validate_User_AbleTo_View_SearchFields_TextBoxes_Under_UserManagement" time="73.425"/>
  <testcase classname="testScenarios.Ts_Admin" name="Admin_TC_02_Validate_User_AbleTo_Search_With_FirstName_Under_UserManagement" time="76.179"/>
  <testcase classname="testScenarios.Ts_Admin" name="Admin_TC_03_Validate_User_AbleTo_Search_Wiht_Email_Under_UserManagement" time="77.763"/>
  <testcase classname="testScenarios.Ts_Admin" name="Admin_TC_04_Validate_User_ableTo_View_Fields_in_FileUpload_Section" time="79.128"/>
  <testcase classname="testScenarios.Ts_Admin" name="Admin_TC_05_Validate_User_ableTo_View_MR2MR3Configuration_Section" time="105.695">
    <failure type="java.lang.AssertionError" message="Not Able to Swithc to Frame By WebElement: Proxy element for: DefaultElementLocator &amp;apos;By.xpath: //iframe[contains(@id,&amp;apos;PegaGadget&amp;apos;) and @title=&amp;apos;EditOrUploadMR2MR3Rules&amp;apos;]&amp;apos;. On Page title: Retrieval Operations Management expected [true] but found [false]">
      <![CDATA[java.lang.AssertionError: Not Able to Swithc to Frame By WebElement: Proxy element for: DefaultElementLocator 'By.xpath: //iframe[contains(@id,'PegaGadget') and @title='EditOrUploadMR2MR3Rules']'. On Page title: Retrieval Operations Management expected [true] but found [false]
at utils.KeyWords.switchFrameByWebElement(KeyWords.java:603)
at testScenarios.Ts_Admin.Admin_TC_05_Validate_User_ableTo_View_MR2MR3Configuration_Section(Ts_Admin.java:155)
at java.base/java.util.ArrayList.forEach(ArrayList.java:1511)
... Removed 30 stack frames]]>
    </failure>
  </testcase> <!-- Admin_TC_05_Validate_User_ableTo_View_MR2MR3Configuration_Section -->
  <testcase classname="testScenarios.Ts_Admin" name="Admin_TC_06_Validate_User_ableTo_View_CopyServiceConfiguration_Section" time="118.2">
    <failure type="java.lang.AssertionError" message="Not Able to Swithc to Frame By WebElement: Proxy element for: DefaultElementLocator &amp;apos;By.xpath: //iframe[@title=&amp;apos;CopyServiceDelegation&amp;apos;]&amp;apos;. On Page title: Retrieval Operations Management expected [true] but found [false]">
      <![CDATA[java.lang.AssertionError: Not Able to Swithc to Frame By WebElement: Proxy element for: DefaultElementLocator 'By.xpath: //iframe[@title='CopyServiceDelegation']'. On Page title: Retrieval Operations Management expected [true] but found [false]
at utils.KeyWords.switchFrameByWebElement(KeyWords.java:603)
at testScenarios.Ts_Admin.Admin_TC_06_Validate_User_ableTo_View_CopyServiceConfiguration_Section(Ts_Admin.java:174)
at java.base/java.util.ArrayList.forEach(ArrayList.java:1511)
... Removed 30 stack frames]]>
    </failure>
  </testcase> <!-- Admin_TC_06_Validate_User_ableTo_View_CopyServiceConfiguration_Section -->
  <testcase classname="testScenarios.Ts_DashBoard" name="Dashboard_TC_01_Validate_UserIs_Able_To_View_Sections_In_DashBoard" time="57.028"/>
  <testcase classname="testScenarios.Ts_DashBoard" name="Dashboard_TC_02_Validate_UserIs_Able_To_CloseAll_Frames_In_DashBoard" time="51.051"/>
  <testcase classname="testScenarios.Ts_DashBoard" name="Dashboard_TC_03_Validate_UserIs_Able_Expand_And_View_Headers_Under_RequestGroup_Section" time="64.597"/>
  <testcase classname="testScenarios.Ts_DashBoard" name="Dashboard_TC_04_Validate_UserIs_Able_Expand_And_View_Headers_Under_TeamMembers_Section" time="57.693"/>
  <testcase classname="testScenarios.Ts_DashBoard" name="Dashboard_TC_05_Validate_RG_Result_are_Displayed_Under_RequestGroup_Section" time="62.503"/>
  <testcase classname="testScenarios.Ts_MyWork" name="MyWork_TC_01_Validate_User_AbleTo_View_MyWork_Section" time="78.256"/>
  <testcase classname="testScenarios.Ts_MyWork" name="MyWork_TC_02_Validate_User_AbleTo_Select_MyWorkList_And_View_Headers" time="98.834"/>
  <testcase classname="testScenarios.Ts_MyWork" name="MyWork_TC_03_Validate_User_AbleTo_Select_MyWorkBasket_And_View_Headers" time="130.166">
    <failure type="java.lang.AssertionError" message="Not Able to Move to WebElement:[[ChromeDriver: chrome on windows (07e1ebfc34fa47f67e2b4623b4ef4746)] -&amp;gt; xpath: //div[contains(@hashed-dp-page,&amp;apos;D_DisplayDownloadQueueWorkBasket&amp;apos;)]//*[text()=&amp;apos;Account Name&amp;apos;]]. On Page title: Retrieval Operations Management expected [true] but found [false]">
      <![CDATA[java.lang.AssertionError: Not Able to Move to WebElement:[[ChromeDriver: chrome on windows (07e1ebfc34fa47f67e2b4623b4ef4746)] -> xpath: //div[contains(@hashed-dp-page,'D_DisplayDownloadQueueWorkBasket')]//*[text()='Account Name']]. On Page title: Retrieval Operations Management expected [true] but found [false]
at utils.KeyWords.moveToWebElement(KeyWords.java:841)
at testScenarios.Ts_MyWork.MyWork_TC_03_Validate_User_AbleTo_Select_MyWorkBasket_And_View_Headers(Ts_MyWork.java:113)
at java.base/java.util.ArrayList.forEach(ArrayList.java:1511)
... Removed 30 stack frames]]>
    </failure>
  </testcase> <!-- MyWork_TC_03_Validate_User_AbleTo_Select_MyWorkBasket_And_View_Headers -->
  <testcase classname="testScenarios.Ts_MyWork" name="MyWork_TC_04_Validate_User_AbleTo_View_RequestGroups_Headers" time="103.532"/>
  <testcase classname="testScenarios.Ts_MyWork" name="MyWork_TC_05_Validate_System_Retrives_Records_In_CotivitiDownLoadQue_yWorkBasket" time="105.397">
    <failure type="java.lang.AssertionError" message="Not Able to Move to WebElement:[[ChromeDriver: chrome on windows (020847ff91cf554e49f3aa3b01f8f6cf)] -&amp;gt; xpath: //div[@data-node-id=&amp;apos;DownloadQueueWorkBasket&amp;apos;]//tr[2]//td[4]]. On Page title: Retrieval Operations Management expected [true] but found [false]">
      <![CDATA[java.lang.AssertionError: Not Able to Move to WebElement:[[ChromeDriver: chrome on windows (020847ff91cf554e49f3aa3b01f8f6cf)] -> xpath: //div[@data-node-id='DownloadQueueWorkBasket']//tr[2]//td[4]]. On Page title: Retrieval Operations Management expected [true] but found [false]
at utils.KeyWords.moveToWebElement(KeyWords.java:841)
at testScenarios.Ts_MyWork.MyWork_TC_05_Validate_System_Retrives_Records_In_CotivitiDownLoadQue_yWorkBasket(Ts_MyWork.java:165)
at java.base/java.util.ArrayList.forEach(ArrayList.java:1511)
... Removed 30 stack frames]]>
    </failure>
  </testcase> <!-- MyWork_TC_05_Validate_System_Retrives_Records_In_CotivitiDownLoadQue_yWorkBasket -->
  <testcase classname="testScenarios.Ts_Reports" name="Reports_TC_01_Validate_User_Is_AbleTo_View_Reports_Section" time="78.116"/>
  <testcase classname="testScenarios.Ts_Reports" name="Reports_TC_02_Validate_User_Is_AbleTo_Manage_Categories_In_ReportsSection" time="74.164"/>
  <testcase classname="testScenarios.Ts_Reports" name="Reports_TC_03_Validate_User_Is_AbleTo_SearchAndView_CotivitDownLoadQue_Category_Reports" time="95.168"/>
  <testcase classname="testScenarios.Ts_Reports" name="Reports_TC_04_Validate_User_Is_AbleTo_SearchAndView_and_Clear_Different_Category_Reports" time="180.837">
    <failure type="java.lang.AssertionError" message="WebElement is Not Visible with Xpath:Proxy element for: DefaultElementLocator &amp;apos;By.xpath: //div[text()=&amp;apos;Showing all reports&amp;apos;]&amp;apos;. On Page title: Retrieval Operations Management . expected [true] but found [false]">
      <![CDATA[java.lang.AssertionError: WebElement is Not Visible with Xpath:Proxy element for: DefaultElementLocator 'By.xpath: //div[text()='Showing all reports']'. On Page title: Retrieval Operations Management . expected [true] but found [false]
at utils.KeyWords.explicitWait_Until_ElementDisplayed(KeyWords.java:392)
at testScenarios.Ts_Reports.Reports_TC_04_Validate_User_Is_AbleTo_SearchAndView_and_Clear_Different_Category_Reports(Ts_Reports.java:140)
at java.base/java.util.ArrayList.forEach(ArrayList.java:1511)
... Removed 30 stack frames]]>
    </failure>
  </testcase> <!-- Reports_TC_04_Validate_User_Is_AbleTo_SearchAndView_and_Clear_Different_Category_Reports -->
  <testcase classname="testScenarios.Ts_Reports" name="Reports_TC_05_Validate_User_Is_AbleTo_View_TotalUploadsPerDayReport_And_Headers" time="119.917"/>
  <testcase classname="testScenarios.Ts_Search" name="TCDEMO" time="156.444">
    <failure type="java.lang.AssertionError" message="WebElement is Not Visible with Xpath:Proxy element for: DefaultElementLocator &amp;apos;By.xpath: (//td[@data-attribute-name=&amp;apos;Request Group ID&amp;apos;]//a[contains(text(),&amp;apos;R&amp;apos;)])[1]&amp;apos;. On Page title: Retrieval Operations Management . expected [true] but found [false]">
      <![CDATA[java.lang.AssertionError: WebElement is Not Visible with Xpath:Proxy element for: DefaultElementLocator 'By.xpath: (//td[@data-attribute-name='Request Group ID']//a[contains(text(),'R')])[1]'. On Page title: Retrieval Operations Management . expected [true] but found [false]
at utils.KeyWords.explicitWait_Until_ElementDisplayed(KeyWords.java:392)
at testScenarios.Ts_Search.TCDEMO(Ts_Search.java:355)
at java.base/java.util.ArrayList.forEach(ArrayList.java:1511)
... Removed 30 stack frames]]>
    </failure>
  </testcase> <!-- TCDEMO -->
  <testcase classname="testScenarios.Ts_Search" name="TC_RG_Search_Section" time="84.272">
    <failure type="java.lang.AssertionError" message="Not Able to SelectByVisibleText WebElement:[[ChromeDriver: chrome on windows (9c733ab2fe52e9e5129a0ad060a21f72)] -&amp;gt; xpath: //select[@name=&amp;apos;$PSearchPage$ppyStatusWork&amp;apos;]]On Page: Retrieval Operations Management expected [true] but found [false]">
      <![CDATA[java.lang.AssertionError: Not Able to SelectByVisibleText WebElement:[[ChromeDriver: chrome on windows (9c733ab2fe52e9e5129a0ad060a21f72)] -> xpath: //select[@name='$PSearchPage$ppyStatusWork']]On Page: Retrieval Operations Management expected [true] but found [false]
at utils.KeyWords.SelectByVisibleText(KeyWords.java:252)
at testScenarios.Ts_Search.TC_RG_Search_Section(Ts_Search.java:279)
at java.base/java.util.ArrayList.forEach(ArrayList.java:1511)
... Removed 30 stack frames]]>
    </failure>
  </testcase> <!-- TC_RG_Search_Section -->
  <testcase classname="testScenarios.Ts_Search" name="TC__clickOnRG" time="74.787">
    <failure type="java.lang.AssertionError" message="Not Able to SelectByVisibleText WebElement:[[ChromeDriver: chrome on windows (69c4e4b7d8fd283827d9304fab928dd3)] -&amp;gt; xpath: //select[@name=&amp;apos;$PSearchPage$ppyStatusWork&amp;apos;]]On Page: Retrieval Operations Management expected [true] but found [false]">
      <![CDATA[java.lang.AssertionError: Not Able to SelectByVisibleText WebElement:[[ChromeDriver: chrome on windows (69c4e4b7d8fd283827d9304fab928dd3)] -> xpath: //select[@name='$PSearchPage$ppyStatusWork']]On Page: Retrieval Operations Management expected [true] but found [false]
at utils.KeyWords.SelectByVisibleText(KeyWords.java:252)
at testScenarios.Ts_Search.TC__clickOnRG(Ts_Search.java:225)
at java.base/java.util.ArrayList.forEach(ArrayList.java:1511)
... Removed 30 stack frames]]>
    </failure>
  </testcase> <!-- TC__clickOnRG -->
  <testcase classname="testScenarios.Ts_Search" name="Search_TC_01_Validate_User_Is_Able_To_ViewSearchOptions_and_Search_With_Status_And_Open_An_RG" time="99.094"/>
  <testcase classname="testScenarios.Ts_Search" name="Search_TC_02_Validate_User_Is_Able_To_Search_With_RequestGroupID" time="95.715">
    <failure type="java.lang.AssertionError" message="Exception occured while Executing the Test Case: Search_TC_02_Validate_User_Is_Able_To_Search_With_RequestGroupID. expected [true] but found [false]">
      <![CDATA[java.lang.AssertionError: Exception occured while Executing the Test Case: Search_TC_02_Validate_User_Is_Able_To_Search_With_RequestGroupID. expected [true] but found [false]
at testScenarios.Ts_Search.Search_TC_02_Validate_User_Is_Able_To_Search_With_RequestGroupID(Ts_Search.java:135)
at java.base/java.util.ArrayList.forEach(ArrayList.java:1511)
... Removed 30 stack frames]]>
    </failure>
  </testcase> <!-- Search_TC_02_Validate_User_Is_Able_To_Search_With_RequestGroupID -->
  <testcase classname="testScenarios.Ts_Search" name="Search_TC_04_Validate_User_Is_Able_To_Search_With_RequestGroupID" time="195.662">
    <failure type="java.lang.AssertionError" message="WebElement is Not Visible with Xpath:Proxy element for: DefaultElementLocator &amp;apos;By.xpath: //h3[text()=&amp;apos;View Notes&amp;apos;]&amp;apos;. On Page title: Notes And History Details . expected [true] but found [false]">
      <![CDATA[java.lang.AssertionError: WebElement is Not Visible with Xpath:Proxy element for: DefaultElementLocator 'By.xpath: //h3[text()='View Notes']'. On Page title: Notes And History Details . expected [true] but found [false]
at utils.KeyWords.explicitWait_Until_ElementDisplayed(KeyWords.java:392)
at testScenarios.Ts_Search.Search_TC_04_Validate_User_Is_Able_To_Search_With_RequestGroupID(Ts_Search.java:193)
at java.base/java.util.ArrayList.forEach(ArrayList.java:1511)
... Removed 30 stack frames]]>
    </failure>
  </testcase> <!-- Search_TC_04_Validate_User_Is_Able_To_Search_With_RequestGroupID -->
  <testcase classname="testScenarios.Ts_Search" name="Search_TC_03_Validate_User_Is_View_TableHeaders_In_Search_Results" time="121.075">
    <failure type="java.lang.AssertionError" message="WebElement is Not Visible with Xpath:Proxy element for: DefaultElementLocator &amp;apos;By.xpath: //table[@prim_page=&amp;apos;SearchPage&amp;apos;]//tr[1]//th[3]//div[text()=&amp;apos;Request ID&amp;apos;]&amp;apos;. On Page title: Retrieval Operations Management . expected [true] but found [false]">
      <![CDATA[java.lang.AssertionError: WebElement is Not Visible with Xpath:Proxy element for: DefaultElementLocator 'By.xpath: //table[@prim_page='SearchPage']//tr[1]//th[3]//div[text()='Request ID']'. On Page title: Retrieval Operations Management . expected [true] but found [false]
at utils.KeyWords.Element_Is_Displayed(KeyWords.java:522)
at testScenarios.Ts_Search.Search_TC_03_Validate_User_Is_View_TableHeaders_In_Search_Results(Ts_Search.java:148)
at java.base/java.util.ArrayList.forEach(ArrayList.java:1511)
... Removed 30 stack frames]]>
    </failure>
  </testcase> <!-- Search_TC_03_Validate_User_Is_View_TableHeaders_In_Search_Results -->
</testsuite> <!-- TotalSuiteRun -->
