<?xml version="1.0" encoding="UTF-8"?>
<testng-results ignored="1" total="28" passed="22" failed="5" skipped="0">
  <reporter-output>
  </reporter-output>
  <suite started-at="2023-06-29T18:04:00 IST" name="Suite" finished-at="2023-06-29T18:04:32 IST" duration-ms="32192">
    <groups>
    </groups>
    <test started-at="2023-06-29T18:04:00 IST" name="Test" finished-at="2023-06-29T18:04:32 IST" duration-ms="32192">
      <class name="testScenarios.Ts_DashBoard">
        <test-method is-config="true" signature="BrowserInitilazation()[pri:0, instance:testScenarios.Ts_DashBoard@7fcbe147]" started-at="2023-06-29T18:04:02 IST" name="BrowserInitilazation" finished-at="2023-06-29T18:04:03 IST" duration-ms="1082" status="PASS">
          <reporter-output>
          </reporter-output>
        </test-method> <!-- BrowserInitilazation -->
        <test-method signature="Dashboard_TC_01_Validate_UserIs_Able_To_View_Sections_In_DashBoard()[pri:0, instance:testScenarios.Ts_DashBoard@7fcbe147]" started-at="2023-06-29T18:04:07 IST" name="Dashboard_TC_01_Validate_UserIs_Able_To_View_Sections_In_DashBoard" finished-at="2023-06-29T18:04:24 IST" duration-ms="16819" status="PASS">
          <reporter-output>
          </reporter-output>
        </test-method> <!-- Dashboard_TC_01_Validate_UserIs_Able_To_View_Sections_In_DashBoard -->
        <test-method signature="Dashboard_TC_02_Validate_UserIs_Able_To_CloseAll_Frames_In_DashBoard()[pri:0, instance:testScenarios.Ts_DashBoard@7fcbe147]" started-at="2023-06-29T18:04:24 IST" name="Dashboard_TC_02_Validate_UserIs_Able_To_CloseAll_Frames_In_DashBoard" finished-at="2023-06-29T18:04:32 IST" duration-ms="7960" status="PASS">
          <reporter-output>
          </reporter-output>
        </test-method> <!-- Dashboard_TC_02_Validate_UserIs_Able_To_CloseAll_Frames_In_DashBoard -->
        <test-method signature="Dashboard_TC_03_Validate_UserIs_Able_Expand_And_View_Headers_Under_RequestGroup_Section()[pri:0, instance:testScenarios.Ts_DashBoard@7fcbe147]" started-at="2023-06-29T18:04:32 IST" name="Dashboard_TC_03_Validate_UserIs_Able_Expand_And_View_Headers_Under_RequestGroup_Section" finished-at="2023-06-29T18:04:32 IST" duration-ms="7" status="PASS">
          <reporter-output>
          </reporter-output>
        </test-method> <!-- Dashboard_TC_03_Validate_UserIs_Able_Expand_And_View_Headers_Under_RequestGroup_Section -->
        <test-method signature="Dashboard_TC_04_Validate_UserIs_Able_Expand_And_View_Headers_Under_TeamMembers_Section()[pri:0, instance:testScenarios.Ts_DashBoard@7fcbe147]" started-at="2023-06-29T18:04:32 IST" name="Dashboard_TC_04_Validate_UserIs_Able_Expand_And_View_Headers_Under_TeamMembers_Section" finished-at="2023-06-29T18:04:32 IST" duration-ms="7" status="PASS">
          <reporter-output>
          </reporter-output>
        </test-method> <!-- Dashboard_TC_04_Validate_UserIs_Able_Expand_And_View_Headers_Under_TeamMembers_Section -->
        <test-method signature="Dashboard_TC_05_Validate_RG_Result_are_Displayed_Under_RequestGroup_Section()[pri:0, instance:testScenarios.Ts_DashBoard@7fcbe147]" started-at="2023-06-29T18:04:32 IST" name="Dashboard_TC_05_Validate_RG_Result_are_Displayed_Under_RequestGroup_Section" finished-at="2023-06-29T18:04:32 IST" duration-ms="7" status="PASS">
          <reporter-output>
          </reporter-output>
        </test-method> <!-- Dashboard_TC_05_Validate_RG_Result_are_Displayed_Under_RequestGroup_Section -->
        <test-method is-config="true" signature="closeAll()[pri:0, instance:testScenarios.Ts_DashBoard@7fcbe147]" started-at="2023-06-29T18:04:32 IST" name="closeAll" finished-at="1970-01-01T05:30:00 IST" duration-ms="-1688042072788" status="SKIP">
          <reporter-output>
          </reporter-output>
        </test-method> <!-- closeAll -->
      </class> <!-- testScenarios.Ts_DashBoard -->
      <class name="testScenarios.Ts_Admin">
        <test-method is-config="true" signature="BrowserInitilazation()[pri:0, instance:testScenarios.Ts_Admin@4eed46ee]" started-at="2023-06-29T18:04:00 IST" name="BrowserInitilazation" finished-at="2023-06-29T18:04:02 IST" duration-ms="2250" status="PASS">
          <reporter-output>
          </reporter-output>
        </test-method> <!-- BrowserInitilazation -->
        <test-method signature="Admin_TC_02_Validate_User_AbleTo_Search_With_FirstName_Under_UserManagement()[pri:0, instance:testScenarios.Ts_Admin@4eed46ee]" started-at="2023-06-29T18:04:07 IST" name="Admin_TC_02_Validate_User_AbleTo_Search_With_FirstName_Under_UserManagement" finished-at="2023-06-29T18:04:24 IST" duration-ms="16821" status="PASS">
          <reporter-output>
          </reporter-output>
        </test-method> <!-- Admin_TC_02_Validate_User_AbleTo_Search_With_FirstName_Under_UserManagement -->
        <test-method signature="Admin_TC_03_Validate_User_AbleTo_Search_Wiht_Email_Under_UserManagement()[pri:0, instance:testScenarios.Ts_Admin@4eed46ee]" started-at="2023-06-29T18:04:24 IST" name="Admin_TC_03_Validate_User_AbleTo_Search_Wiht_Email_Under_UserManagement" finished-at="2023-06-29T18:04:32 IST" duration-ms="8274" status="PASS">
          <reporter-output>
          </reporter-output>
        </test-method> <!-- Admin_TC_03_Validate_User_AbleTo_Search_Wiht_Email_Under_UserManagement -->
        <test-method signature="Admin_TC_04_Validate_User_ableTo_View_Fields_in_FileUpload_Section()[pri:0, instance:testScenarios.Ts_Admin@4eed46ee]" started-at="2023-06-29T18:04:32 IST" name="Admin_TC_04_Validate_User_ableTo_View_Fields_in_FileUpload_Section" finished-at="2023-06-29T18:04:32 IST" duration-ms="12" status="PASS">
          <reporter-output>
          </reporter-output>
        </test-method> <!-- Admin_TC_04_Validate_User_ableTo_View_Fields_in_FileUpload_Section -->
        <test-method signature="Admin_TC_05_Validate_User_ableTo_View_MR2MR3Configuration_Section()[pri:0, instance:testScenarios.Ts_Admin@4eed46ee]" started-at="2023-06-29T18:04:32 IST" name="Admin_TC_05_Validate_User_ableTo_View_MR2MR3Configuration_Section" finished-at="2023-06-29T18:04:32 IST" duration-ms="10" status="PASS">
          <reporter-output>
          </reporter-output>
        </test-method> <!-- Admin_TC_05_Validate_User_ableTo_View_MR2MR3Configuration_Section -->
        <test-method signature="Admin_TC_06_Validate_User_ableTo_View_CopyServiceConfiguration_Section()[pri:0, instance:testScenarios.Ts_Admin@4eed46ee]" started-at="2023-06-29T18:04:32 IST" name="Admin_TC_06_Validate_User_ableTo_View_CopyServiceConfiguration_Section" finished-at="2023-06-29T18:04:32 IST" duration-ms="7" status="PASS">
          <reporter-output>
          </reporter-output>
        </test-method> <!-- Admin_TC_06_Validate_User_ableTo_View_CopyServiceConfiguration_Section -->
        <test-method is-config="true" signature="closeAll()[pri:0, instance:testScenarios.Ts_Admin@4eed46ee]" started-at="2023-06-29T18:04:32 IST" name="closeAll" finished-at="2023-06-29T18:04:32 IST" duration-ms="3" status="FAIL">
          <exception class="org.openqa.selenium.WebDriverException">
            <message>
              <![CDATA[disconnected: not connected to DevTools
  (failed to check if window was closed: disconnected: not connected to DevTools)
  (Session info: chrome=114.0.5735.199)
Build info: version: '4.9.1', revision: 'eb2032df7f'
System info: os.name: 'Windows 10', os.arch: 'amd64', os.version: '10.0', java.version: '16.0.1'
Driver info: org.openqa.selenium.chrome.ChromeDriver
Command: [b6811ee4721040feaeaa50d5f43abbd1, close {}]
Capabilities {acceptInsecureCerts: false, browserName: chrome, browserVersion: 114.0.5735.199, chrome: {chromedriverVersion: 114.0.5735.90 (386bc09e8f4f..., userDataDir: C:\Users\SHAIK~1.HUS\AppDat...}, goog:chromeOptions: {debuggerAddress: localhost:59861}, networkConnectionEnabled: false, pageLoadStrategy: normal, platformName: windows, proxy: Proxy(), se:cdp: ws://localhost:59861/devtoo..., se:cdpVersion: 114.0.5735.199, setWindowRect: true, strictFileInteractability: false, timeouts: {implicit: 0, pageLoad: 300000, script: 30000}, unhandledPromptBehavior: dismiss and notify, webauthn:extension:credBlob: true, webauthn:extension:largeBlob: true, webauthn:extension:minPinLength: true, webauthn:extension:prf: true, webauthn:virtualAuthenticators: true}
Session ID: b6811ee4721040feaeaa50d5f43abbd1]]>
            </message>
            <full-stacktrace>
              <![CDATA[org.openqa.selenium.WebDriverException: disconnected: not connected to DevTools
  (failed to check if window was closed: disconnected: not connected to DevTools)
  (Session info: chrome=114.0.5735.199)
Build info: version: '4.9.1', revision: 'eb2032df7f'
System info: os.name: 'Windows 10', os.arch: 'amd64', os.version: '10.0', java.version: '16.0.1'
Driver info: org.openqa.selenium.chrome.ChromeDriver
Command: [b6811ee4721040feaeaa50d5f43abbd1, close {}]
Capabilities {acceptInsecureCerts: false, browserName: chrome, browserVersion: 114.0.5735.199, chrome: {chromedriverVersion: 114.0.5735.90 (386bc09e8f4f..., userDataDir: C:\Users\SHAIK~1.HUS\AppDat...}, goog:chromeOptions: {debuggerAddress: localhost:59861}, networkConnectionEnabled: false, pageLoadStrategy: normal, platformName: windows, proxy: Proxy(), se:cdp: ws://localhost:59861/devtoo..., se:cdpVersion: 114.0.5735.199, setWindowRect: true, strictFileInteractability: false, timeouts: {implicit: 0, pageLoad: 300000, script: 30000}, unhandledPromptBehavior: dismiss and notify, webauthn:extension:credBlob: true, webauthn:extension:largeBlob: true, webauthn:extension:minPinLength: true, webauthn:extension:prf: true, webauthn:virtualAuthenticators: true}
Session ID: b6811ee4721040feaeaa50d5f43abbd1
at java.base/jdk.internal.reflect.NativeConstructorAccessorImpl.newInstance0(Native Method)
at java.base/jdk.internal.reflect.NativeConstructorAccessorImpl.newInstance(NativeConstructorAccessorImpl.java:78)
at java.base/jdk.internal.reflect.DelegatingConstructorAccessorImpl.newInstance(DelegatingConstructorAccessorImpl.java:45)
at java.base/java.lang.reflect.Constructor.newInstanceWithCaller(Constructor.java:499)
at java.base/java.lang.reflect.Constructor.newInstance(Constructor.java:480)
at org.openqa.selenium.remote.codec.w3c.W3CHttpResponseCodec.createException(W3CHttpResponseCodec.java:200)
at org.openqa.selenium.remote.codec.w3c.W3CHttpResponseCodec.decode(W3CHttpResponseCodec.java:133)
at org.openqa.selenium.remote.codec.w3c.W3CHttpResponseCodec.decode(W3CHttpResponseCodec.java:53)
at org.openqa.selenium.remote.HttpCommandExecutor.execute(HttpCommandExecutor.java:193)
at org.openqa.selenium.remote.service.DriverCommandExecutor.invokeExecute(DriverCommandExecutor.java:183)
at org.openqa.selenium.remote.service.DriverCommandExecutor.execute(DriverCommandExecutor.java:158)
at org.openqa.selenium.remote.RemoteWebDriver.execute(RemoteWebDriver.java:543)
at org.openqa.selenium.remote.RemoteWebDriver.execute(RemoteWebDriver.java:598)
at org.openqa.selenium.remote.RemoteWebDriver.execute(RemoteWebDriver.java:602)
at org.openqa.selenium.remote.RemoteWebDriver.close(RemoteWebDriver.java:419)
at testScenarios.Ts_Admin.closeAll(Ts_Admin.java:187)
at java.base/jdk.internal.reflect.NativeMethodAccessorImpl.invoke0(Native Method)
at java.base/jdk.internal.reflect.NativeMethodAccessorImpl.invoke(NativeMethodAccessorImpl.java:78)
at java.base/jdk.internal.reflect.DelegatingMethodAccessorImpl.invoke(DelegatingMethodAccessorImpl.java:43)
at java.base/java.lang.reflect.Method.invoke(Method.java:567)
at org.testng.internal.MethodInvocationHelper.invokeMethod(MethodInvocationHelper.java:133)
at org.testng.internal.MethodInvocationHelper.invokeMethodConsideringTimeout(MethodInvocationHelper.java:62)
at org.testng.internal.ConfigInvoker.invokeConfigurationMethod(ConfigInvoker.java:385)
at org.testng.internal.ConfigInvoker.invokeConfigurations(ConfigInvoker.java:321)
at org.testng.TestRunner.invokeTestConfigurations(TestRunner.java:637)
at org.testng.TestRunner.afterRun(TestRunner.java:877)
at org.testng.TestRunner.run(TestRunner.java:599)
at org.testng.SuiteRunner.runTest(SuiteRunner.java:377)
at org.testng.SuiteRunner.runSequentially(SuiteRunner.java:371)
at org.testng.SuiteRunner.privateRun(SuiteRunner.java:332)
at org.testng.SuiteRunner.run(SuiteRunner.java:276)
at org.testng.SuiteRunnerWorker.runSuite(SuiteRunnerWorker.java:53)
at org.testng.SuiteRunnerWorker.run(SuiteRunnerWorker.java:96)
at org.testng.TestNG.runSuitesSequentially(TestNG.java:1212)
at org.testng.TestNG.runSuitesLocally(TestNG.java:1134)
at org.testng.TestNG.runSuites(TestNG.java:1063)
at org.testng.TestNG.run(TestNG.java:1031)
at org.testng.remote.AbstractRemoteTestNG.run(AbstractRemoteTestNG.java:115)
at org.testng.remote.RemoteTestNG.initAndRun(RemoteTestNG.java:251)
at org.testng.remote.RemoteTestNG.main(RemoteTestNG.java:77)
]]>
            </full-stacktrace>
          </exception> <!-- org.openqa.selenium.WebDriverException -->
          <reporter-output>
          </reporter-output>
        </test-method> <!-- closeAll -->
      </class> <!-- testScenarios.Ts_Admin -->
      <class name="testScenarios.Ts_Reports">
        <test-method is-config="true" signature="BrowserInitilazation()[pri:0, instance:testScenarios.Ts_Reports@4fad94a7]" started-at="2023-06-29T18:04:05 IST" name="BrowserInitilazation" finished-at="2023-06-29T18:04:06 IST" duration-ms="1164" status="PASS">
          <reporter-output>
          </reporter-output>
        </test-method> <!-- BrowserInitilazation -->
        <test-method signature="Reports_TC_01_Validate_User_Is_AbleTo_View_Reports_Section()[pri:0, instance:testScenarios.Ts_Reports@4fad94a7]" started-at="2023-06-29T18:04:32 IST" name="Reports_TC_01_Validate_User_Is_AbleTo_View_Reports_Section" finished-at="2023-06-29T18:04:32 IST" duration-ms="8" status="PASS">
          <reporter-output>
          </reporter-output>
        </test-method> <!-- Reports_TC_01_Validate_User_Is_AbleTo_View_Reports_Section -->
        <test-method signature="Reports_TC_02_Validate_User_Is_AbleTo_Manage_Categories_In_ReportsSection()[pri:0, instance:testScenarios.Ts_Reports@4fad94a7]" started-at="2023-06-29T18:04:32 IST" name="Reports_TC_02_Validate_User_Is_AbleTo_Manage_Categories_In_ReportsSection" finished-at="2023-06-29T18:04:32 IST" duration-ms="8" status="PASS">
          <reporter-output>
          </reporter-output>
        </test-method> <!-- Reports_TC_02_Validate_User_Is_AbleTo_Manage_Categories_In_ReportsSection -->
        <test-method signature="Reports_TC_03_Validate_User_Is_AbleTo_SearchAndView_CotivitDownLoadQue_Category_Reports()[pri:0, instance:testScenarios.Ts_Reports@4fad94a7]" started-at="2023-06-29T18:04:32 IST" name="Reports_TC_03_Validate_User_Is_AbleTo_SearchAndView_CotivitDownLoadQue_Category_Reports" finished-at="2023-06-29T18:04:32 IST" duration-ms="8" status="PASS">
          <reporter-output>
          </reporter-output>
        </test-method> <!-- Reports_TC_03_Validate_User_Is_AbleTo_SearchAndView_CotivitDownLoadQue_Category_Reports -->
        <test-method signature="Reports_TC_04_Validate_User_Is_AbleTo_SearchAndView_and_Clear_Different_Category_Reports()[pri:0, instance:testScenarios.Ts_Reports@4fad94a7]" started-at="2023-06-29T18:04:32 IST" name="Reports_TC_04_Validate_User_Is_AbleTo_SearchAndView_and_Clear_Different_Category_Reports" finished-at="2023-06-29T18:04:32 IST" duration-ms="7" status="PASS">
          <reporter-output>
          </reporter-output>
        </test-method> <!-- Reports_TC_04_Validate_User_Is_AbleTo_SearchAndView_and_Clear_Different_Category_Reports -->
        <test-method signature="Reports_TC_05_Validate_User_Is_AbleTo_View_TotalUploadsPerDayReport_And_Headers()[pri:0, instance:testScenarios.Ts_Reports@4fad94a7]" started-at="2023-06-29T18:04:32 IST" name="Reports_TC_05_Validate_User_Is_AbleTo_View_TotalUploadsPerDayReport_And_Headers" finished-at="2023-06-29T18:04:32 IST" duration-ms="8" status="PASS">
          <reporter-output>
          </reporter-output>
        </test-method> <!-- Reports_TC_05_Validate_User_Is_AbleTo_View_TotalUploadsPerDayReport_And_Headers -->
        <test-method is-config="true" signature="closeAll()[pri:0, instance:testScenarios.Ts_Reports@4fad94a7]" started-at="2023-06-29T18:04:32 IST" name="closeAll" finished-at="1970-01-01T05:30:00 IST" duration-ms="-1688042072790" status="SKIP">
          <reporter-output>
          </reporter-output>
        </test-method> <!-- closeAll -->
      </class> <!-- testScenarios.Ts_Reports -->
      <class name="testScenarios.Ts_Search">
        <test-method is-config="true" signature="BrowserInitilazation()[pri:0, instance:testScenarios.Ts_Search@36b0fcd5]" started-at="2023-06-29T18:04:06 IST" name="BrowserInitilazation" finished-at="2023-06-29T18:04:07 IST" duration-ms="1286" status="PASS">
          <reporter-output>
          </reporter-output>
        </test-method> <!-- BrowserInitilazation -->
        <test-method signature="TCDEMO()[pri:0, instance:testScenarios.Ts_Search@36b0fcd5]" started-at="2023-06-29T18:04:32 IST" name="TCDEMO" finished-at="2023-06-29T18:04:32 IST" duration-ms="38" status="FAIL">
          <exception class="java.lang.AssertionError">
            <message>
              <![CDATA[Exception occured while Executing the Test Case: TC_04_clickOnRG. expected [true] but found [false]]]>
            </message>
            <full-stacktrace>
              <![CDATA[java.lang.AssertionError: Exception occured while Executing the Test Case: TC_04_clickOnRG. expected [true] but found [false]
at org.testng.Assert.fail(Assert.java:99)
at org.testng.Assert.failNotEquals(Assert.java:1037)
at org.testng.Assert.assertTrue(Assert.java:45)
at testScenarios.Ts_Search.TCDEMO(Ts_Search.java:396)
at java.base/jdk.internal.reflect.NativeMethodAccessorImpl.invoke0(Native Method)
at java.base/jdk.internal.reflect.NativeMethodAccessorImpl.invoke(NativeMethodAccessorImpl.java:78)
at java.base/jdk.internal.reflect.DelegatingMethodAccessorImpl.invoke(DelegatingMethodAccessorImpl.java:43)
at java.base/java.lang.reflect.Method.invoke(Method.java:567)
at org.testng.internal.MethodInvocationHelper.invokeMethod(MethodInvocationHelper.java:133)
at org.testng.internal.TestInvoker.invokeMethod(TestInvoker.java:598)
at org.testng.internal.TestInvoker.invokeTestMethod(TestInvoker.java:173)
at org.testng.internal.MethodRunner.runInSequence(MethodRunner.java:46)
at org.testng.internal.TestInvoker$MethodInvocationAgent.invoke(TestInvoker.java:824)
at org.testng.internal.TestInvoker.invokeTestMethods(TestInvoker.java:146)
at org.testng.internal.TestMethodWorker.invokeTestMethods(TestMethodWorker.java:146)
at org.testng.internal.TestMethodWorker.run(TestMethodWorker.java:128)
at java.base/java.util.concurrent.ThreadPoolExecutor.runWorker(ThreadPoolExecutor.java:1130)
at java.base/java.util.concurrent.ThreadPoolExecutor$Worker.run(ThreadPoolExecutor.java:630)
at java.base/java.lang.Thread.run(Thread.java:831)
]]>
            </full-stacktrace>
          </exception> <!-- java.lang.AssertionError -->
          <reporter-output>
          </reporter-output>
        </test-method> <!-- TCDEMO -->
        <test-method signature="TC_RG_Search_Section()[pri:0, instance:testScenarios.Ts_Search@36b0fcd5]" started-at="2023-06-29T18:04:32 IST" name="TC_RG_Search_Section" finished-at="2023-06-29T18:04:32 IST" duration-ms="36" status="FAIL">
          <exception class="java.lang.AssertionError">
            <message>
              <![CDATA[Exception occured while Executing the Test Case: TC_04_clickOnRG. expected [true] but found [false]]]>
            </message>
            <full-stacktrace>
              <![CDATA[java.lang.AssertionError: Exception occured while Executing the Test Case: TC_04_clickOnRG. expected [true] but found [false]
at org.testng.Assert.fail(Assert.java:99)
at org.testng.Assert.failNotEquals(Assert.java:1037)
at org.testng.Assert.assertTrue(Assert.java:45)
at testScenarios.Ts_Search.TC_RG_Search_Section(Ts_Search.java:329)
at java.base/jdk.internal.reflect.NativeMethodAccessorImpl.invoke0(Native Method)
at java.base/jdk.internal.reflect.NativeMethodAccessorImpl.invoke(NativeMethodAccessorImpl.java:78)
at java.base/jdk.internal.reflect.DelegatingMethodAccessorImpl.invoke(DelegatingMethodAccessorImpl.java:43)
at java.base/java.lang.reflect.Method.invoke(Method.java:567)
at org.testng.internal.MethodInvocationHelper.invokeMethod(MethodInvocationHelper.java:133)
at org.testng.internal.TestInvoker.invokeMethod(TestInvoker.java:598)
at org.testng.internal.TestInvoker.invokeTestMethod(TestInvoker.java:173)
at org.testng.internal.MethodRunner.runInSequence(MethodRunner.java:46)
at org.testng.internal.TestInvoker$MethodInvocationAgent.invoke(TestInvoker.java:824)
at org.testng.internal.TestInvoker.invokeTestMethods(TestInvoker.java:146)
at org.testng.internal.TestMethodWorker.invokeTestMethods(TestMethodWorker.java:146)
at org.testng.internal.TestMethodWorker.run(TestMethodWorker.java:128)
at java.base/java.util.concurrent.ThreadPoolExecutor.runWorker(ThreadPoolExecutor.java:1130)
at java.base/java.util.concurrent.ThreadPoolExecutor$Worker.run(ThreadPoolExecutor.java:630)
at java.base/java.lang.Thread.run(Thread.java:831)
]]>
            </full-stacktrace>
          </exception> <!-- java.lang.AssertionError -->
          <reporter-output>
          </reporter-output>
        </test-method> <!-- TC_RG_Search_Section -->
        <test-method signature="TC__clickOnRG()[pri:0, instance:testScenarios.Ts_Search@36b0fcd5]" started-at="2023-06-29T18:04:32 IST" name="TC__clickOnRG" finished-at="2023-06-29T18:04:32 IST" duration-ms="35" status="FAIL">
          <exception class="java.lang.AssertionError">
            <message>
              <![CDATA[Exception occured while Executing the Test Case: TC_04_clickOnRG. expected [true] but found [false]]]>
            </message>
            <full-stacktrace>
              <![CDATA[java.lang.AssertionError: Exception occured while Executing the Test Case: TC_04_clickOnRG. expected [true] but found [false]
at org.testng.Assert.fail(Assert.java:99)
at org.testng.Assert.failNotEquals(Assert.java:1037)
at org.testng.Assert.assertTrue(Assert.java:45)
at testScenarios.Ts_Search.TC__clickOnRG(Ts_Search.java:261)
at java.base/jdk.internal.reflect.NativeMethodAccessorImpl.invoke0(Native Method)
at java.base/jdk.internal.reflect.NativeMethodAccessorImpl.invoke(NativeMethodAccessorImpl.java:78)
at java.base/jdk.internal.reflect.DelegatingMethodAccessorImpl.invoke(DelegatingMethodAccessorImpl.java:43)
at java.base/java.lang.reflect.Method.invoke(Method.java:567)
at org.testng.internal.MethodInvocationHelper.invokeMethod(MethodInvocationHelper.java:133)
at org.testng.internal.TestInvoker.invokeMethod(TestInvoker.java:598)
at org.testng.internal.TestInvoker.invokeTestMethod(TestInvoker.java:173)
at org.testng.internal.MethodRunner.runInSequence(MethodRunner.java:46)
at org.testng.internal.TestInvoker$MethodInvocationAgent.invoke(TestInvoker.java:824)
at org.testng.internal.TestInvoker.invokeTestMethods(TestInvoker.java:146)
at org.testng.internal.TestMethodWorker.invokeTestMethods(TestMethodWorker.java:146)
at org.testng.internal.TestMethodWorker.run(TestMethodWorker.java:128)
at java.base/java.util.concurrent.ThreadPoolExecutor.runWorker(ThreadPoolExecutor.java:1130)
at java.base/java.util.concurrent.ThreadPoolExecutor$Worker.run(ThreadPoolExecutor.java:630)
at java.base/java.lang.Thread.run(Thread.java:831)
]]>
            </full-stacktrace>
          </exception> <!-- java.lang.AssertionError -->
          <reporter-output>
          </reporter-output>
        </test-method> <!-- TC__clickOnRG -->
        <test-method signature="Search_TC_01_Validate_User_Is_Able_To_ViewSearchOptions_and_Search_With_Status_And_Open_An_RG()[pri:1, instance:testScenarios.Ts_Search@36b0fcd5]" started-at="2023-06-29T18:04:32 IST" name="Search_TC_01_Validate_User_Is_Able_To_ViewSearchOptions_and_Search_With_Status_And_Open_An_RG" finished-at="2023-06-29T18:04:32 IST" duration-ms="48" status="PASS">
          <reporter-output>
          </reporter-output>
        </test-method> <!-- Search_TC_01_Validate_User_Is_Able_To_ViewSearchOptions_and_Search_With_Status_And_Open_An_RG -->
        <test-method signature="Search_TC_02_Validate_User_Is_Able_To_Search_With_RequestGroupID()[pri:2, instance:testScenarios.Ts_Search@36b0fcd5]" started-at="2023-06-29T18:04:32 IST" name="Search_TC_02_Validate_User_Is_Able_To_Search_With_RequestGroupID" finished-at="2023-06-29T18:04:32 IST" duration-ms="31" status="FAIL">
          <exception class="java.lang.AssertionError">
            <message>
              <![CDATA[Exception occured while Executing the Test Case: Search_TC_02_Validate_User_Is_Able_To_Search_With_RequestGroupID. expected [true] but found [false]]]>
            </message>
            <full-stacktrace>
              <![CDATA[java.lang.AssertionError: Exception occured while Executing the Test Case: Search_TC_02_Validate_User_Is_Able_To_Search_With_RequestGroupID. expected [true] but found [false]
at org.testng.Assert.fail(Assert.java:99)
at org.testng.Assert.failNotEquals(Assert.java:1037)
at org.testng.Assert.assertTrue(Assert.java:45)
at testScenarios.Ts_Search.Search_TC_02_Validate_User_Is_Able_To_Search_With_RequestGroupID(Ts_Search.java:135)
at java.base/jdk.internal.reflect.NativeMethodAccessorImpl.invoke0(Native Method)
at java.base/jdk.internal.reflect.NativeMethodAccessorImpl.invoke(NativeMethodAccessorImpl.java:78)
at java.base/jdk.internal.reflect.DelegatingMethodAccessorImpl.invoke(DelegatingMethodAccessorImpl.java:43)
at java.base/java.lang.reflect.Method.invoke(Method.java:567)
at org.testng.internal.MethodInvocationHelper.invokeMethod(MethodInvocationHelper.java:133)
at org.testng.internal.TestInvoker.invokeMethod(TestInvoker.java:598)
at org.testng.internal.TestInvoker.invokeTestMethod(TestInvoker.java:173)
at org.testng.internal.MethodRunner.runInSequence(MethodRunner.java:46)
at org.testng.internal.TestInvoker$MethodInvocationAgent.invoke(TestInvoker.java:824)
at org.testng.internal.TestInvoker.invokeTestMethods(TestInvoker.java:146)
at org.testng.internal.TestMethodWorker.invokeTestMethods(TestMethodWorker.java:146)
at org.testng.internal.TestMethodWorker.run(TestMethodWorker.java:128)
at java.base/java.util.concurrent.ThreadPoolExecutor.runWorker(ThreadPoolExecutor.java:1130)
at java.base/java.util.concurrent.ThreadPoolExecutor$Worker.run(ThreadPoolExecutor.java:630)
at java.base/java.lang.Thread.run(Thread.java:831)
]]>
            </full-stacktrace>
          </exception> <!-- java.lang.AssertionError -->
          <reporter-output>
          </reporter-output>
        </test-method> <!-- Search_TC_02_Validate_User_Is_Able_To_Search_With_RequestGroupID -->
        <test-method signature="Search_TC_04_Validate_User_Is_Able_To_Search_With_RequestGroupID()[pri:2, instance:testScenarios.Ts_Search@36b0fcd5]" started-at="2023-06-29T18:04:32 IST" name="Search_TC_04_Validate_User_Is_Able_To_Search_With_RequestGroupID" finished-at="2023-06-29T18:04:32 IST" duration-ms="36" status="FAIL">
          <exception class="java.lang.AssertionError">
            <message>
              <![CDATA[Exception occured while Executing the Test Case: Search_TC_02_Validate_User_Is_Able_To_Search_With_RequestGroupID. expected [true] but found [false]]]>
            </message>
            <full-stacktrace>
              <![CDATA[java.lang.AssertionError: Exception occured while Executing the Test Case: Search_TC_02_Validate_User_Is_Able_To_Search_With_RequestGroupID. expected [true] but found [false]
at org.testng.Assert.fail(Assert.java:99)
at org.testng.Assert.failNotEquals(Assert.java:1037)
at org.testng.Assert.assertTrue(Assert.java:45)
at testScenarios.Ts_Search.Search_TC_04_Validate_User_Is_Able_To_Search_With_RequestGroupID(Ts_Search.java:210)
at java.base/jdk.internal.reflect.NativeMethodAccessorImpl.invoke0(Native Method)
at java.base/jdk.internal.reflect.NativeMethodAccessorImpl.invoke(NativeMethodAccessorImpl.java:78)
at java.base/jdk.internal.reflect.DelegatingMethodAccessorImpl.invoke(DelegatingMethodAccessorImpl.java:43)
at java.base/java.lang.reflect.Method.invoke(Method.java:567)
at org.testng.internal.MethodInvocationHelper.invokeMethod(MethodInvocationHelper.java:133)
at org.testng.internal.TestInvoker.invokeMethod(TestInvoker.java:598)
at org.testng.internal.TestInvoker.invokeTestMethod(TestInvoker.java:173)
at org.testng.internal.MethodRunner.runInSequence(MethodRunner.java:46)
at org.testng.internal.TestInvoker$MethodInvocationAgent.invoke(TestInvoker.java:824)
at org.testng.internal.TestInvoker.invokeTestMethods(TestInvoker.java:146)
at org.testng.internal.TestMethodWorker.invokeTestMethods(TestMethodWorker.java:146)
at org.testng.internal.TestMethodWorker.run(TestMethodWorker.java:128)
at java.base/java.util.concurrent.ThreadPoolExecutor.runWorker(ThreadPoolExecutor.java:1130)
at java.base/java.util.concurrent.ThreadPoolExecutor$Worker.run(ThreadPoolExecutor.java:630)
at java.base/java.lang.Thread.run(Thread.java:831)
]]>
            </full-stacktrace>
          </exception> <!-- java.lang.AssertionError -->
          <reporter-output>
          </reporter-output>
        </test-method> <!-- Search_TC_04_Validate_User_Is_Able_To_Search_With_RequestGroupID -->
        <test-method signature="Search_TC_03_Validate_User_Is_View_TableHeaders_In_Search_Results()[pri:3, instance:testScenarios.Ts_Search@36b0fcd5]" started-at="2023-06-29T18:04:32 IST" name="Search_TC_03_Validate_User_Is_View_TableHeaders_In_Search_Results" finished-at="2023-06-29T18:04:32 IST" duration-ms="9" status="PASS">
          <reporter-output>
          </reporter-output>
        </test-method> <!-- Search_TC_03_Validate_User_Is_View_TableHeaders_In_Search_Results -->
        <test-method is-config="true" signature="closeAll()[pri:0, instance:testScenarios.Ts_Search@36b0fcd5]" started-at="2023-06-29T18:04:32 IST" name="closeAll" finished-at="1970-01-01T05:30:00 IST" duration-ms="-1688042072790" status="SKIP">
          <reporter-output>
          </reporter-output>
        </test-method> <!-- closeAll -->
      </class> <!-- testScenarios.Ts_Search -->
      <class name="testScenarios.Ts_MyWork">
        <test-method is-config="true" signature="BrowserInitilazation()[pri:0, instance:testScenarios.Ts_MyWork@475835b1]" started-at="2023-06-29T18:04:03 IST" name="BrowserInitilazation" finished-at="2023-06-29T18:04:05 IST" duration-ms="1156" status="PASS">
          <reporter-output>
          </reporter-output>
        </test-method> <!-- BrowserInitilazation -->
        <test-method signature="MyWork_TC_01_Validate_User_AbleTo_View_MyWork_Section()[pri:0, instance:testScenarios.Ts_MyWork@475835b1]" started-at="2023-06-29T18:04:32 IST" name="MyWork_TC_01_Validate_User_AbleTo_View_MyWork_Section" finished-at="2023-06-29T18:04:32 IST" duration-ms="7" status="PASS">
          <reporter-output>
          </reporter-output>
        </test-method> <!-- MyWork_TC_01_Validate_User_AbleTo_View_MyWork_Section -->
        <test-method signature="MyWork_TC_02_Validate_User_AbleTo_Select_MyWorkList_And_View_Headers()[pri:0, instance:testScenarios.Ts_MyWork@475835b1]" started-at="2023-06-29T18:04:32 IST" name="MyWork_TC_02_Validate_User_AbleTo_Select_MyWorkList_And_View_Headers" finished-at="2023-06-29T18:04:32 IST" duration-ms="34" status="PASS">
          <reporter-output>
          </reporter-output>
        </test-method> <!-- MyWork_TC_02_Validate_User_AbleTo_Select_MyWorkList_And_View_Headers -->
        <test-method signature="MyWork_TC_03_Validate_User_AbleTo_Select_MyWorkBasket_And_View_Headers()[pri:0, instance:testScenarios.Ts_MyWork@475835b1]" started-at="2023-06-29T18:04:32 IST" name="MyWork_TC_03_Validate_User_AbleTo_Select_MyWorkBasket_And_View_Headers" finished-at="2023-06-29T18:04:32 IST" duration-ms="40" status="PASS">
          <reporter-output>
          </reporter-output>
        </test-method> <!-- MyWork_TC_03_Validate_User_AbleTo_Select_MyWorkBasket_And_View_Headers -->
        <test-method signature="MyWork_TC_04_Validate_User_AbleTo_View_RequestGroups_Headers()[pri:0, instance:testScenarios.Ts_MyWork@475835b1]" started-at="2023-06-29T18:04:32 IST" name="MyWork_TC_04_Validate_User_AbleTo_View_RequestGroups_Headers" finished-at="2023-06-29T18:04:32 IST" duration-ms="7" status="PASS">
          <reporter-output>
          </reporter-output>
        </test-method> <!-- MyWork_TC_04_Validate_User_AbleTo_View_RequestGroups_Headers -->
        <test-method signature="MyWork_TC_05_Validate_System_Retrives_Records_In_CotivitiDownLoadQue_yWorkBasket()[pri:0, instance:testScenarios.Ts_MyWork@475835b1]" started-at="2023-06-29T18:04:32 IST" name="MyWork_TC_05_Validate_System_Retrives_Records_In_CotivitiDownLoadQue_yWorkBasket" finished-at="2023-06-29T18:04:32 IST" duration-ms="36" status="PASS">
          <reporter-output>
          </reporter-output>
        </test-method> <!-- MyWork_TC_05_Validate_System_Retrives_Records_In_CotivitiDownLoadQue_yWorkBasket -->
        <test-method is-config="true" signature="closeAll()[pri:0, instance:testScenarios.Ts_MyWork@475835b1]" started-at="2023-06-29T18:04:32 IST" name="closeAll" finished-at="1970-01-01T05:30:00 IST" duration-ms="-1688042072789" status="SKIP">
          <reporter-output>
          </reporter-output>
        </test-method> <!-- closeAll -->
      </class> <!-- testScenarios.Ts_MyWork -->
    </test> <!-- Test -->
  </suite> <!-- Suite -->
</testng-results>
